2024-09-04 23:46:21,412 [INFO] [main] [<module>]: === Настройки: ===
2024-09-04 23:46:21,412 [INFO] [main] [<module>]: BASE_WEBHOOK_URL= 'https://178.204.149.172:8443'
2024-09-04 23:46:21,412 [INFO] [main] [<module>]: WEBHOOK_SSL_CERT= '/etc/ssl/nginx/178.204.149.172.self.crt'
2024-09-04 23:46:21,412 [INFO] [main] [<module>]: WEBHOOK_SSL_KEY= '/etc/ssl/nginx/178.204.149.172.self.key'
2024-09-04 23:46:21,412 [INFO] [main] [<listcomp>]: ('DATABASE_URL_SQLITE', 'sqlite+pysqlite:///./DB/mb.sqlite3')
2024-09-04 23:46:21,412 [INFO] [main] [<listcomp>]: ('SELF_SSL', True)
2024-09-04 23:46:21,412 [INFO] [main] [<listcomp>]: ('PUBLIC_IP', '178.204.149.172')
2024-09-04 23:46:21,412 [INFO] [main] [<listcomp>]: ('WEBHOOK_PATH', '/bot/')
2024-09-04 23:46:21,412 [INFO] [main] [<listcomp>]: ('WEBHOOK_SECRET', 'sEcrEet2-24')
2024-09-04 23:46:21,412 [INFO] [main] [<listcomp>]: ('WEB_SERVER_HOST', '127.0.0.1')
2024-09-04 23:46:21,412 [INFO] [main] [<listcomp>]: ('LOG_MANAGE', 'manageBots.log')
2024-09-05 03:12:02,482 [INFO] [utils] [prepare_Nginx]: 

  === Предварительная подготовка Nginx сервера: ===

2024-09-05 03:12:02,482 [INFO] [utils] [run_com]: 
  === Командная строка (split): ===
['./Scripts/ssl.sh', '178.204.149.172']

2024-09-05 03:12:06,451 [INFO] [utils] [prepare_Nginx]: 

=== Создаем директорию для SSL сертификатов Nginx ===
владелец '/etc/ssl/nginx' оставлен как marat

=== Формируем самоподписанные сертификаты и ключи ===

=== Создаем директорию './SSL' для линков сертификата. ===

=== Создаем ссылку на сертификат SSL: ===
'./SSL/178.204.149.172.self.crt' -> '/etc/ssl/nginx/178.204.149.172.self.crt'

=== Создаем ссылку на ключ SSL: ===
'./SSL/178.204.149.172.self.key' -> '/etc/ssl/nginx/178.204.149.172.self.key'

=== SSL: ===
......+.+........+...+.........+.+..+.+......+..................+..+++++++++++++++++++++++++++++++++++++++++++++++++++++++++++++++++*.....+.+.....+.+........+.+..............+....+............+...+..+.+.....+..........+...+...........+++++++++++++++++++++++++++++++++++++++++++++++++++++++++++++++++*...+..+.......+..................+............+...+..+...+.+............+...+..+...+.........+...+...+.+...+....................+.+...........+....+..+............+.+...........+.+..+.......+......+...+..+...............+..........+........+......+.....................+...+....+...+..+......+....+...+........+..........+.........+...+.....+...+.+.....+....+.....+......+....+......+.....+....+++++++++++++++++++++++++++++++++++++++++++++++++++++++++++++++++
...+...............+.....+...+......+.+..+..........+......+......+.........+++++++++++++++++++++++++++++++++++++++++++++++++++++++++++++++++*.....+....+..+..........+.....+...+.+..+...+....+...............+..+...+......+.+.........+......+.....+......+++++++++++++++++++++++++++++++++++++++++++++++++++++++++++++++++*....+........+......+...+......+.+.....+................+.........+.....+.+.....+...+....+........+....+...+.....+.+..+.......+...+.....+...+....+.................+....+..+...+.+.....+......+....+......+........+......+.+..+.+......+........+.+.....+.......+.........+..............+.........+.......+........+.............+.....+..........+..+.+..+.......+.....+.+.........+...+...+..+...+....+.....+......+.........+......+.+.....+.+........+..........+.........+..+...+.+......+...+..+...+.......+..............+....+............+......+........+.+......+..+..........+......+.....+....+..+.+............+...............+.....+...............+.............+.....+...+....+..+......+...+.+.....+.+........+.........+.......+...+................................+.+...+.....+.+.........+..+..........+..+................+..+...+.......+...+......+........+.+..+....+........+...+.........+.+........+...............+.+....................+.+..............+.+.....+....+........+.+..+.............+..............+.+......+++++++++++++++++++++++++++++++++++++++++++++++++++++++++++++++++
-----

2024-09-05 03:12:06,451 [INFO] [utils] [run_com]: 
  === Командная строка (split): ===
['./Scripts/nginx.sh', '178.204.149.172']

2024-09-05 03:12:06,456 [INFO] [utils] [prepare_Nginx]: 
владелец '/etc/nginx/conf.d/manageBots.conf' оставлен как marat
владелец '/etc/nginx/conf.d/bots/bot_6615142110:AAHbuZTgRmqdGibn5MnzRD67CgflJqGJnJQ.conf' оставлен как marat
владелец '/etc/nginx/conf.d/bots/bot_6189775277:AAEdN3J6195JHePhN4wfE-BZTszwFB-MtAQ.conf' оставлен как marat
владелец '/etc/nginx/conf.d/bots/bot_6479059814:AAFAi3Ksbq1cqb3hemkRdyL2RYkCWtCVzi0.conf' оставлен как marat
владелец '/etc/nginx/conf.d/bots' оставлен как marat
владелец '/etc/nginx/conf.d' оставлен как marat

=== Формируем общую конфигурацию '/etc/nginx/conf.d/manageBots.conf' ===

=== Файл конфигурации уже существует!!! ===
=== Изменения НЕ внесены!!! ===
=== Для изменений удалите или переименуйте файл 'manageBots.conf'!!! ===

=== Ошибка: ===

2024-09-05 03:12:06,467 [INFO] [main] [<module>]: === Настройки: ===
2024-09-05 03:12:06,467 [INFO] [main] [<module>]: BASE_WEBHOOK_URL= 'https://178.204.149.172:8443'
2024-09-05 03:12:06,467 [INFO] [main] [<module>]: WEBHOOK_SSL_CERT= '/etc/ssl/nginx/178.204.149.172.self.crt'
2024-09-05 03:12:06,468 [INFO] [main] [<module>]: WEBHOOK_SSL_KEY= '/etc/ssl/nginx/178.204.149.172.self.key'
2024-09-05 03:12:06,468 [INFO] [main] [<listcomp>]: ('DATABASE_URL_SQLITE', 'sqlite+pysqlite:///./DB/mb.sqlite3')
2024-09-05 03:12:06,468 [INFO] [main] [<listcomp>]: ('SELF_SSL', True)
2024-09-05 03:12:06,468 [INFO] [main] [<listcomp>]: ('PUBLIC_IP', '178.204.149.172')
2024-09-05 03:12:06,468 [INFO] [main] [<listcomp>]: ('WEBHOOK_PATH', '/bot/')
2024-09-05 03:12:06,468 [INFO] [main] [<listcomp>]: ('WEBHOOK_SECRET', 'sEcrEet2-24')
2024-09-05 03:12:06,468 [INFO] [main] [<listcomp>]: ('WEB_SERVER_HOST', '127.0.0.1')
2024-09-05 03:12:06,468 [INFO] [main] [<listcomp>]: ('LOG_MANAGE', 'manageBots.log')
2024-09-05 03:13:05,464 [INFO] [utils] [prepare_Nginx]: 

  === Предварительная подготовка Nginx сервера: ===

2024-09-05 03:13:05,464 [INFO] [utils] [run_com]: 
  === Командная строка (split): ===
['./Scripts/ssl.sh', '178.204.149.172']

2024-09-05 03:13:05,709 [INFO] [utils] [prepare_Nginx]: 

=== Создаем директорию для SSL сертификатов Nginx ===
владелец '/etc/ssl/nginx' оставлен как marat

=== Формируем самоподписанные сертификаты и ключи ===

=== Создаем директорию './SSL' для линков сертификата. ===

=== Создаем ссылку на сертификат SSL: ===
'./SSL/178.204.149.172.self.crt' -> '/etc/ssl/nginx/178.204.149.172.self.crt'

=== Создаем ссылку на ключ SSL: ===
'./SSL/178.204.149.172.self.key' -> '/etc/ssl/nginx/178.204.149.172.self.key'

=== SSL: ===
......+.+...+..+...+....+..+..........+........+.+..+++++++++++++++++++++++++++++++++++++++++++++++++++++++++++++++++*.......+.........+..........+........+...+....+++++++++++++++++++++++++++++++++++++++++++++++++++++++++++++++++*......+....+..+.............+..+...+....+...........+.....................+.+.....+....+...........+.......+......+..+.......+..+.+...+..............+......+.......+..+..........+...+..+............+...+...+....+.....+.+..+..................+.............+.........+........+...+.+...+.....+.+............+.........+..............+.......+..............+....+.....+......+.+..+.......+.....+...+................+.....+......+...............+.+...+..+....+.....+...+..................+...+......+...................+..+.......+...+..+..........+......+..............+...+...+......+.+.........+.....+......+...+....+..+.............+.....+.............+..+......+.......+..+.+......+..............+....+..+.+........+.+..................+..+..........+.....+...+.+............+.....+.......+...+.................+.+.....+....+...+...............+.....+.......+...+.........+..................+........+.........+.+..................+.....+.+......+.....+.........+....+.........+.................+.........+.......+..+.+..+...+....+...+.........+........+...+..................+...............+..........+...............+......+...+...+..+...+....+........+.......+..............+.+.....+...+...+.........+.+.....+.........+...................+......+...+...........+.+...+..+.........+.+...........+.......+...+..+......+......+.+.................+............+....+.....+....+.....+............+.+........+.........+...+...+....+...+.....+....+...+...............+...+.........+.....+...+++++++++++++++++++++++++++++++++++++++++++++++++++++++++++++++++
.....+..+++++++++++++++++++++++++++++++++++++++++++++++++++++++++++++++++*.+...+.........+.+........+.........................+..+....+........+.+..+..........+...+..+.........+.+........+++++++++++++++++++++++++++++++++++++++++++++++++++++++++++++++++*..+..+.+..............+...+...............+......+.+...+......+..+.........+....+++++++++++++++++++++++++++++++++++++++++++++++++++++++++++++++++
-----

2024-09-05 03:13:05,709 [INFO] [utils] [run_com]: 
  === Командная строка (split): ===
['./Scripts/nginx.sh', '178.204.149.172']

2024-09-05 03:13:05,714 [INFO] [utils] [prepare_Nginx]: 
владелец '/etc/nginx/conf.d/manageBots.conf' оставлен как marat
владелец '/etc/nginx/conf.d/bots/bot_6615142110:AAHbuZTgRmqdGibn5MnzRD67CgflJqGJnJQ.conf' оставлен как marat
владелец '/etc/nginx/conf.d/bots/bot_6189775277:AAEdN3J6195JHePhN4wfE-BZTszwFB-MtAQ.conf' оставлен как marat
владелец '/etc/nginx/conf.d/bots/bot_6479059814:AAFAi3Ksbq1cqb3hemkRdyL2RYkCWtCVzi0.conf' оставлен как marat
владелец '/etc/nginx/conf.d/bots' оставлен как marat
владелец '/etc/nginx/conf.d' оставлен как marat

=== Формируем общую конфигурацию '/etc/nginx/conf.d/manageBots.conf' ===

=== Файл конфигурации уже существует!!! ===
=== Изменения НЕ внесены!!! ===
=== Для изменений удалите или переименуйте файл 'manageBots.conf'!!! ===

=== Ошибка: ===

2024-09-05 03:13:05,726 [INFO] [main] [<module>]: === Настройки: ===
2024-09-05 03:13:05,726 [INFO] [main] [<module>]: BASE_WEBHOOK_URL= 'https://178.204.149.172:8443'
2024-09-05 03:13:05,726 [INFO] [main] [<module>]: WEBHOOK_SSL_CERT= '/etc/ssl/nginx/178.204.149.172.self.crt'
2024-09-05 03:13:05,726 [INFO] [main] [<module>]: WEBHOOK_SSL_KEY= '/etc/ssl/nginx/178.204.149.172.self.key'
2024-09-05 03:13:05,726 [INFO] [main] [<listcomp>]: ('DATABASE_URL_SQLITE', 'sqlite+pysqlite:///./DB/mb.sqlite3')
2024-09-05 03:13:05,726 [INFO] [main] [<listcomp>]: ('SELF_SSL', True)
2024-09-05 03:13:05,726 [INFO] [main] [<listcomp>]: ('PUBLIC_IP', '178.204.149.172')
2024-09-05 03:13:05,726 [INFO] [main] [<listcomp>]: ('WEBHOOK_PATH', '/bot/')
2024-09-05 03:13:05,726 [INFO] [main] [<listcomp>]: ('WEBHOOK_SECRET', 'sEcrEet2-24')
2024-09-05 03:13:05,726 [INFO] [main] [<listcomp>]: ('WEB_SERVER_HOST', '127.0.0.1')
2024-09-05 03:13:05,726 [INFO] [main] [<listcomp>]: ('LOG_MANAGE', 'manageBots.log')
2024-09-05 03:13:32,545 [INFO] [utils] [prepare_Nginx]: 

  === Предварительная подготовка Nginx сервера: ===

2024-09-05 03:13:32,546 [INFO] [utils] [run_com]: 
  === Командная строка (split): ===
['./Scripts/ssl.sh', '178.204.149.172']

2024-09-05 03:13:32,706 [INFO] [utils] [prepare_Nginx]: 

=== Создаем директорию для SSL сертификатов Nginx ===
владелец '/etc/ssl/nginx' оставлен как marat

=== Формируем самоподписанные сертификаты и ключи ===

=== Создаем директорию './SSL' для линков сертификата. ===

=== Создаем ссылку на сертификат SSL: ===
'./SSL/178.204.149.172.self.crt' -> '/etc/ssl/nginx/178.204.149.172.self.crt'

=== Создаем ссылку на ключ SSL: ===
'./SSL/178.204.149.172.self.key' -> '/etc/ssl/nginx/178.204.149.172.self.key'

=== SSL: ===
............+..........+........+...+.........+.......+......+...+.....+.+......+++++++++++++++++++++++++++++++++++++++++++++++++++++++++++++++++*...+.+...+.........+..+.+..+...+....+......+...+...........+.+.....+....+...+.....+...+....+......+..+...+++++++++++++++++++++++++++++++++++++++++++++++++++++++++++++++++*.+.....+.+......+...+++++++++++++++++++++++++++++++++++++++++++++++++++++++++++++++++
...+.+++++++++++++++++++++++++++++++++++++++++++++++++++++++++++++++++*.........+....+..+.........+......+.........+++++++++++++++++++++++++++++++++++++++++++++++++++++++++++++++++*....+......+...+...........+...+...+...+.........+......+....+.......................+............+.+.....+............+...+.+...+......+......+......+..+............+..........+......+.................+..........+..+...+.+...............+.........+..+....+.....+......+............................+...+............+...+...+......+...........+...+....+.....+...............+.+..............+...............+.......+...........+...+..........+...........+.........+.+.........+.........+.....+.+.....+..........+.....+....+..+.+..+......+....+...........+......+...+...+....+.....+...+.+..+....+..............+......+..........+......+..+.+..+....+.....+..........+......+.....+.........+......+....+..................+...+..+......+....+..+.........+.........+......+......+.+.........+...+..+......+.........+......+.......+.....+.+.....+.+..................+............+++++++++++++++++++++++++++++++++++++++++++++++++++++++++++++++++
-----

2024-09-05 03:13:32,706 [INFO] [utils] [run_com]: 
  === Командная строка (split): ===
['./Scripts/nginx.sh', '178.204.149.172']

2024-09-05 03:13:32,711 [INFO] [utils] [prepare_Nginx]: 
владелец '/etc/nginx/conf.d/manageBots.conf' оставлен как marat
владелец '/etc/nginx/conf.d/bots/bot_6615142110:AAHbuZTgRmqdGibn5MnzRD67CgflJqGJnJQ.conf' оставлен как marat
владелец '/etc/nginx/conf.d/bots/bot_6189775277:AAEdN3J6195JHePhN4wfE-BZTszwFB-MtAQ.conf' оставлен как marat
владелец '/etc/nginx/conf.d/bots/bot_6479059814:AAFAi3Ksbq1cqb3hemkRdyL2RYkCWtCVzi0.conf' оставлен как marat
владелец '/etc/nginx/conf.d/bots' оставлен как marat
владелец '/etc/nginx/conf.d' оставлен как marat

=== Формируем общую конфигурацию '/etc/nginx/conf.d/manageBots.conf' ===

=== Файл конфигурации уже существует!!! ===
=== Изменения НЕ внесены!!! ===
=== Для изменений удалите или переименуйте файл 'manageBots.conf'!!! ===

=== Ошибка: ===

2024-09-05 03:13:32,723 [INFO] [main] [<module>]: === Настройки: ===
2024-09-05 03:13:32,723 [INFO] [main] [<module>]: BASE_WEBHOOK_URL= 'https://178.204.149.172:8443'
2024-09-05 03:13:32,723 [INFO] [main] [<module>]: WEBHOOK_SSL_CERT= '/etc/ssl/nginx/178.204.149.172.self.crt'
2024-09-05 03:13:32,723 [INFO] [main] [<module>]: WEBHOOK_SSL_KEY= '/etc/ssl/nginx/178.204.149.172.self.key'
2024-09-05 03:13:32,723 [INFO] [main] [<listcomp>]: ('DATABASE_URL_SQLITE', 'sqlite+pysqlite:///./DB/mb.sqlite3')
2024-09-05 03:13:32,723 [INFO] [main] [<listcomp>]: ('SELF_SSL', True)
2024-09-05 03:13:32,723 [INFO] [main] [<listcomp>]: ('PUBLIC_IP', '178.204.149.172')
2024-09-05 03:13:32,723 [INFO] [main] [<listcomp>]: ('WEBHOOK_PATH', '/bot/')
2024-09-05 03:13:32,723 [INFO] [main] [<listcomp>]: ('WEBHOOK_SECRET', 'sEcrEet2-24')
2024-09-05 03:13:32,723 [INFO] [main] [<listcomp>]: ('WEB_SERVER_HOST', '127.0.0.1')
2024-09-05 03:13:32,723 [INFO] [main] [<listcomp>]: ('LOG_MANAGE', 'manageBots.log')
2024-09-05 03:15:55,559 [INFO] [utils] [prepare_Nginx]: 

  === Предварительная подготовка Nginx сервера: ===

2024-09-05 03:15:55,559 [INFO] [utils] [run_com]: 
  === Командная строка (split): ===
['./Scripts/ssl.sh', '178.204.149.172']

2024-09-05 03:15:55,725 [INFO] [utils] [prepare_Nginx]: 

=== Создаем директорию для SSL сертификатов Nginx ===
владелец '/etc/ssl/nginx' оставлен как marat

=== Формируем самоподписанные сертификаты и ключи ===

=== Создаем директорию './SSL' для линков сертификата. ===

=== Создаем ссылку на сертификат SSL: ===
'./SSL/178.204.149.172.self.crt' -> '/etc/ssl/nginx/178.204.149.172.self.crt'

=== Создаем ссылку на ключ SSL: ===
'./SSL/178.204.149.172.self.key' -> '/etc/ssl/nginx/178.204.149.172.self.key'

=== SSL: ===
.....+...+...+..+.............+..+.+..+....+++++++++++++++++++++++++++++++++++++++++++++++++++++++++++++++++*......+.....+..........+...+..+.+..+.......+......+.....+......+....+.....+.+...+..+.........+....+...........+++++++++++++++++++++++++++++++++++++++++++++++++++++++++++++++++*.....+...+......+....+..+.+..............+.+.....+.............+.....+....+...........+.+.........+.....+.+.........+..+...+................+.....+.+.....+.........+....+..+....+...........+....+...+............+...+.....+.............+..+...+...+............+...+..........+.........+..+...............+...+......+....+.....+.......+...+...+..+.+...........+...............+.+.....+....+.....+.........+.........+.......+.....+...................+..+...+....+...........+......+.+.....+.......+..+.+.....+..........+...+.........+..+.+.........+.....+....+.................+....+.....+.........+.......+..+...............+.....................+....+..+....+...........+.........+.+......+..+.+..+++++++++++++++++++++++++++++++++++++++++++++++++++++++++++++++++
..........+...............+.....+......+....+......+.....+.+...+..+....+.....+......+....+..+++++++++++++++++++++++++++++++++++++++++++++++++++++++++++++++++*............+++++++++++++++++++++++++++++++++++++++++++++++++++++++++++++++++*.......+.....+...+.......+...+.........+.................+...+...+....+...........+...+....+......+......+...........+...+.+.....+................+............+..+.+..+...+....+..............+.+......+........+....+..+...+.+.....+.......+++++++++++++++++++++++++++++++++++++++++++++++++++++++++++++++++
-----

2024-09-05 03:15:55,726 [INFO] [utils] [run_com]: 
  === Командная строка (split): ===
['./Scripts/nginx.sh', '178.204.149.172']

2024-09-05 03:15:55,731 [INFO] [utils] [prepare_Nginx]: 
владелец '/etc/nginx/conf.d/manageBots.conf' оставлен как marat
владелец '/etc/nginx/conf.d/bots/bot_6615142110:AAHbuZTgRmqdGibn5MnzRD67CgflJqGJnJQ.conf' оставлен как marat
владелец '/etc/nginx/conf.d/bots/bot_6189775277:AAEdN3J6195JHePhN4wfE-BZTszwFB-MtAQ.conf' оставлен как marat
владелец '/etc/nginx/conf.d/bots/bot_6479059814:AAFAi3Ksbq1cqb3hemkRdyL2RYkCWtCVzi0.conf' оставлен как marat
владелец '/etc/nginx/conf.d/bots' оставлен как marat
владелец '/etc/nginx/conf.d' оставлен как marat

=== Формируем общую конфигурацию '/etc/nginx/conf.d/manageBots.conf' ===

=== Файл конфигурации уже существует!!! ===
=== Изменения НЕ внесены!!! ===
=== Для изменений удалите или переименуйте файл 'manageBots.conf'!!! ===

=== Ошибка: ===

2024-09-05 03:15:55,742 [INFO] [main] [<module>]: === Настройки: ===
2024-09-05 03:15:55,742 [INFO] [main] [<module>]: BASE_WEBHOOK_URL= 'https://178.204.149.172:8443'
2024-09-05 03:15:55,742 [INFO] [main] [<module>]: WEBHOOK_SSL_CERT= '/etc/ssl/nginx/178.204.149.172.self.crt'
2024-09-05 03:15:55,742 [INFO] [main] [<module>]: WEBHOOK_SSL_KEY= '/etc/ssl/nginx/178.204.149.172.self.key'
2024-09-05 03:15:55,742 [INFO] [main] [<listcomp>]: ('DATABASE_URL_SQLITE', 'sqlite+pysqlite:///./DB/mb.sqlite3')
2024-09-05 03:15:55,742 [INFO] [main] [<listcomp>]: ('SELF_SSL', True)
2024-09-05 03:15:55,742 [INFO] [main] [<listcomp>]: ('PUBLIC_IP', '178.204.149.172')
2024-09-05 03:15:55,742 [INFO] [main] [<listcomp>]: ('WEBHOOK_PATH', '/bot/')
2024-09-05 03:15:55,742 [INFO] [main] [<listcomp>]: ('WEBHOOK_SECRET', 'sEcrEet2-24')
2024-09-05 03:15:55,742 [INFO] [main] [<listcomp>]: ('WEB_SERVER_HOST', '127.0.0.1')
2024-09-05 03:15:55,742 [INFO] [main] [<listcomp>]: ('LOG_MANAGE', 'manageBots.log')
2024-09-05 03:18:03,313 [INFO] [utils] [prepare_Nginx]: 

  === Предварительная подготовка Nginx сервера: ===

2024-09-05 03:18:03,313 [INFO] [utils] [run_com]: 
  === Командная строка (split): ===
['./Scripts/ssl.sh', '178.204.149.172']

2024-09-05 03:18:03,508 [INFO] [utils] [prepare_Nginx]: 

=== Создаем директорию для SSL сертификатов Nginx ===
владелец '/etc/ssl/nginx' оставлен как marat

=== Формируем самоподписанные сертификаты и ключи ===

=== Создаем директорию './SSL' для линков сертификата. ===

=== Создаем ссылку на сертификат SSL: ===
'./SSL/178.204.149.172.self.crt' -> '/etc/ssl/nginx/178.204.149.172.self.crt'

=== Создаем ссылку на ключ SSL: ===
'./SSL/178.204.149.172.self.key' -> '/etc/ssl/nginx/178.204.149.172.self.key'

=== SSL: ===
.+......+...+..+...+......+...+.......+.....+....+..+....+......+.........+........+.+......+.....+..........+.....+......+.............+..+.........+.+..+.+.........+..+..........+......+.........+...+..+++++++++++++++++++++++++++++++++++++++++++++++++++++++++++++++++*.....+...+............+.......+..+.+..+++++++++++++++++++++++++++++++++++++++++++++++++++++++++++++++++*.+.....+...+...+.+.....+.........+............+.......+......+............+..+...+....+...+..................+..+......+......+...+......+....+...+........+.........+.+......+...+...........................+.....+.+....................+...+.+......+.....+...+....+...............+..+....+..+....+...+..................+..+............+.+........+......+.+..+............+......+...+.+...+........+...+....+...+..+.+......+.....+.............+...+.........+......+..+.............+.....+...+.+...+...+..............+....+............+..+.+..+....+.....+...+.+.........+......+..+...+....+..+....+.....+.+...........+....+......+........+....+...+.....+.........+.+..+...+.......+..+......+....+..................+..+...+.......+.........+......+.....+..........+.........+..+++++++++++++++++++++++++++++++++++++++++++++++++++++++++++++++++
..............+...+.+......+..................+...+...+.....+.+........+++++++++++++++++++++++++++++++++++++++++++++++++++++++++++++++++*.......+..+++++++++++++++++++++++++++++++++++++++++++++++++++++++++++++++++*..+.+......+...+..+...+....+..+...+..........+...+............+..+...+...+....+...........+....+...+.....+.+............+..+.+.....................+.....+...+...+....+...+..+.+........+....+..+.....................+....+...+.....+.............+........+......+...+.+......+..............+......+.................................+...+.........................+..................+.....+++++++++++++++++++++++++++++++++++++++++++++++++++++++++++++++++
-----

2024-09-05 03:18:03,508 [INFO] [utils] [run_com]: 
  === Командная строка (split): ===
['./Scripts/nginx.sh', '178.204.149.172']

2024-09-05 03:18:03,514 [INFO] [utils] [prepare_Nginx]: 
владелец '/etc/nginx/conf.d/manageBots.conf' оставлен как marat
владелец '/etc/nginx/conf.d/bots/bot_6615142110:AAHbuZTgRmqdGibn5MnzRD67CgflJqGJnJQ.conf' оставлен как marat
владелец '/etc/nginx/conf.d/bots/bot_6189775277:AAEdN3J6195JHePhN4wfE-BZTszwFB-MtAQ.conf' оставлен как marat
владелец '/etc/nginx/conf.d/bots/bot_6479059814:AAFAi3Ksbq1cqb3hemkRdyL2RYkCWtCVzi0.conf' оставлен как marat
владелец '/etc/nginx/conf.d/bots' оставлен как marat
владелец '/etc/nginx/conf.d' оставлен как marat

=== Формируем общую конфигурацию '/etc/nginx/conf.d/manageBots.conf' ===

=== Файл конфигурации уже существует!!! ===
=== Изменения НЕ внесены!!! ===
=== Для изменений удалите или переименуйте файл 'manageBots.conf'!!! ===

=== Ошибка: ===

2024-09-05 03:18:03,525 [INFO] [main] [<module>]: === Настройки: ===
2024-09-05 03:18:03,525 [INFO] [main] [<module>]: BASE_WEBHOOK_URL= 'https://178.204.149.172:8443'
2024-09-05 03:18:03,525 [INFO] [main] [<module>]: WEBHOOK_SSL_CERT= '/etc/ssl/nginx/178.204.149.172.self.crt'
2024-09-05 03:18:03,526 [INFO] [main] [<module>]: WEBHOOK_SSL_KEY= '/etc/ssl/nginx/178.204.149.172.self.key'
2024-09-05 03:18:03,526 [INFO] [main] [<listcomp>]: ('DATABASE_URL_SQLITE', 'sqlite+pysqlite:///./DB/mb.sqlite3')
2024-09-05 03:18:03,526 [INFO] [main] [<listcomp>]: ('SELF_SSL', True)
2024-09-05 03:18:03,526 [INFO] [main] [<listcomp>]: ('PUBLIC_IP', '178.204.149.172')
2024-09-05 03:18:03,526 [INFO] [main] [<listcomp>]: ('WEBHOOK_PATH', '/bot/')
2024-09-05 03:18:03,526 [INFO] [main] [<listcomp>]: ('WEBHOOK_SECRET', 'sEcrEet2-24')
2024-09-05 03:18:03,526 [INFO] [main] [<listcomp>]: ('WEB_SERVER_HOST', '127.0.0.1')
2024-09-05 03:18:03,526 [INFO] [main] [<listcomp>]: ('LOG_MANAGE', 'manageBots.log')
2024-09-05 03:18:20,111 [INFO] [utils] [prepare_Nginx]: 

  === Предварительная подготовка Nginx сервера: ===

2024-09-05 03:18:20,111 [INFO] [utils] [run_com]: 
  === Командная строка (split): ===
['./Scripts/ssl.sh', '178.204.149.172']

2024-09-05 03:18:20,251 [INFO] [utils] [prepare_Nginx]: 

=== Создаем директорию для SSL сертификатов Nginx ===
владелец '/etc/ssl/nginx' оставлен как marat

=== Формируем самоподписанные сертификаты и ключи ===

=== Создаем директорию './SSL' для линков сертификата. ===

=== Создаем ссылку на сертификат SSL: ===
'./SSL/178.204.149.172.self.crt' -> '/etc/ssl/nginx/178.204.149.172.self.crt'

=== Создаем ссылку на ключ SSL: ===
'./SSL/178.204.149.172.self.key' -> '/etc/ssl/nginx/178.204.149.172.self.key'

=== SSL: ===
..+++++++++++++++++++++++++++++++++++++++++++++++++++++++++++++++++*..+......+.+......+.....+.........+...............+....+.........+......+.....+......+...+.+++++++++++++++++++++++++++++++++++++++++++++++++++++++++++++++++*.......+.........+.+..+....+........................+...............+.................+...+.+...+......+..+.......+..+....+.....+.+.....+.+...+..+.......+..+......+.......+..+.+...+.....+.......+.........+........+................+.....................+.....+....+......+...+..+...+...+....+...+......+..+...+....+..+...+...+....+...+..+....+..+.............+..+...+....+..+...+............+....+.....+...................+...+...+..............+..........+...........+............+...+.......+..+.+.................+....+...........+...+++++++++++++++++++++++++++++++++++++++++++++++++++++++++++++++++
.+++++++++++++++++++++++++++++++++++++++++++++++++++++++++++++++++*....+.....+...+......+++++++++++++++++++++++++++++++++++++++++++++++++++++++++++++++++*.............+...+...+..+.......+..+...+......+....+............+...+..+.+..+.+.....+.......+..+..........+..+......+....+.........+..+......................+..+...+..........+...+.....+.......+++++++++++++++++++++++++++++++++++++++++++++++++++++++++++++++++
-----

2024-09-05 03:18:20,252 [INFO] [utils] [run_com]: 
  === Командная строка (split): ===
['./Scripts/nginx.sh', '178.204.149.172']

2024-09-05 03:18:20,256 [INFO] [utils] [prepare_Nginx]: 
владелец '/etc/nginx/conf.d/manageBots.conf' оставлен как marat
владелец '/etc/nginx/conf.d/bots/bot_6615142110:AAHbuZTgRmqdGibn5MnzRD67CgflJqGJnJQ.conf' оставлен как marat
владелец '/etc/nginx/conf.d/bots/bot_6189775277:AAEdN3J6195JHePhN4wfE-BZTszwFB-MtAQ.conf' оставлен как marat
владелец '/etc/nginx/conf.d/bots/bot_6479059814:AAFAi3Ksbq1cqb3hemkRdyL2RYkCWtCVzi0.conf' оставлен как marat
владелец '/etc/nginx/conf.d/bots' оставлен как marat
владелец '/etc/nginx/conf.d' оставлен как marat

=== Формируем общую конфигурацию '/etc/nginx/conf.d/manageBots.conf' ===

=== Файл конфигурации уже существует!!! ===
=== Изменения НЕ внесены!!! ===
=== Для изменений удалите или переименуйте файл 'manageBots.conf'!!! ===

=== Ошибка: ===

2024-09-05 03:18:20,268 [INFO] [main] [<module>]: === Настройки: ===
2024-09-05 03:18:20,268 [INFO] [main] [<module>]: BASE_WEBHOOK_URL= 'https://178.204.149.172:8443'
2024-09-05 03:18:20,268 [INFO] [main] [<module>]: WEBHOOK_SSL_CERT= '/etc/ssl/nginx/178.204.149.172.self.crt'
2024-09-05 03:18:20,268 [INFO] [main] [<module>]: WEBHOOK_SSL_KEY= '/etc/ssl/nginx/178.204.149.172.self.key'
2024-09-05 03:18:20,268 [INFO] [main] [<listcomp>]: ('DATABASE_URL_SQLITE', 'sqlite+pysqlite:///./DB/mb.sqlite3')
2024-09-05 03:18:20,268 [INFO] [main] [<listcomp>]: ('SELF_SSL', True)
2024-09-05 03:18:20,268 [INFO] [main] [<listcomp>]: ('PUBLIC_IP', '178.204.149.172')
2024-09-05 03:18:20,268 [INFO] [main] [<listcomp>]: ('WEBHOOK_PATH', '/bot/')
2024-09-05 03:18:20,269 [INFO] [main] [<listcomp>]: ('WEBHOOK_SECRET', 'sEcrEet2-24')
2024-09-05 03:18:20,269 [INFO] [main] [<listcomp>]: ('WEB_SERVER_HOST', '127.0.0.1')
2024-09-05 03:18:20,269 [INFO] [main] [<listcomp>]: ('LOG_MANAGE', 'manageBots.log')
2024-09-05 03:23:05,562 [INFO] [utils] [prepare_Nginx]: 

  === Предварительная подготовка Nginx сервера: ===

2024-09-05 03:23:05,562 [INFO] [utils] [run_com]: 
  === Командная строка (split): ===
['./Scripts/ssl.sh', '178.204.149.172']

2024-09-05 03:23:05,677 [INFO] [utils] [prepare_Nginx]: 

=== Создаем директорию для SSL сертификатов Nginx ===
владелец '/etc/ssl/nginx' оставлен как marat

=== Формируем самоподписанные сертификаты и ключи ===

=== Создаем директорию './SSL' для линков сертификата. ===

=== Создаем ссылку на сертификат SSL: ===
'./SSL/178.204.149.172.self.crt' -> '/etc/ssl/nginx/178.204.149.172.self.crt'

=== Создаем ссылку на ключ SSL: ===
'./SSL/178.204.149.172.self.key' -> '/etc/ssl/nginx/178.204.149.172.self.key'

=== SSL: ===
......+.........+...+.....+...+.........+.+...+..+..........+...+..+............+...+...+....+.....+.......+.......................+.+..+....+......+..+++++++++++++++++++++++++++++++++++++++++++++++++++++++++++++++++*.....+..............................+.......+++++++++++++++++++++++++++++++++++++++++++++++++++++++++++++++++*....+...+..............+.....................+....+...+.....+...+......+.+..+..........+......+.....+.......+.........+.....+.........+.+.........+.....+.......+..+......+.+...+++++++++++++++++++++++++++++++++++++++++++++++++++++++++++++++++
..+.+........+...+....+++++++++++++++++++++++++++++++++++++++++++++++++++++++++++++++++*..+..+...+++++++++++++++++++++++++++++++++++++++++++++++++++++++++++++++++*........+........+...+....+...+.....+.......+...+.........+...+.....+.+............+...+.....+..........+...........+...+.......+.....+.........+......+.............+..+...+...............+......+.......+..+.+..............+.............+...+..+.......+.................+.........................+.....+....+.........+...+.....+.............+.....+++++++++++++++++++++++++++++++++++++++++++++++++++++++++++++++++
-----

2024-09-05 03:23:05,677 [INFO] [utils] [run_com]: 
  === Командная строка (split): ===
['./Scripts/nginx.sh', '178.204.149.172']

2024-09-05 03:23:05,682 [INFO] [utils] [prepare_Nginx]: 
владелец '/etc/nginx/conf.d/manageBots.conf' оставлен как marat
владелец '/etc/nginx/conf.d/bots/bot_6615142110:AAHbuZTgRmqdGibn5MnzRD67CgflJqGJnJQ.conf' оставлен как marat
владелец '/etc/nginx/conf.d/bots/bot_6189775277:AAEdN3J6195JHePhN4wfE-BZTszwFB-MtAQ.conf' оставлен как marat
владелец '/etc/nginx/conf.d/bots/bot_6479059814:AAFAi3Ksbq1cqb3hemkRdyL2RYkCWtCVzi0.conf' оставлен как marat
владелец '/etc/nginx/conf.d/bots' оставлен как marat
владелец '/etc/nginx/conf.d' оставлен как marat

=== Формируем общую конфигурацию '/etc/nginx/conf.d/manageBots.conf' ===

=== Файл конфигурации уже существует!!! ===
=== Изменения НЕ внесены!!! ===
=== Для изменений удалите или переименуйте файл 'manageBots.conf'!!! ===

=== Ошибка: ===

2024-09-05 03:23:05,693 [INFO] [main] [<module>]: === Настройки: ===
2024-09-05 03:23:05,693 [INFO] [main] [<module>]: BASE_WEBHOOK_URL= 'https://178.204.149.172:8443'
2024-09-05 03:23:05,693 [INFO] [main] [<module>]: WEBHOOK_SSL_CERT= '/etc/ssl/nginx/178.204.149.172.self.crt'
2024-09-05 03:23:05,693 [INFO] [main] [<module>]: WEBHOOK_SSL_KEY= '/etc/ssl/nginx/178.204.149.172.self.key'
2024-09-05 03:23:05,693 [INFO] [main] [<listcomp>]: ('DATABASE_URL_SQLITE', 'sqlite+pysqlite:///./DB/mb.sqlite3')
2024-09-05 03:23:05,693 [INFO] [main] [<listcomp>]: ('SELF_SSL', True)
2024-09-05 03:23:05,693 [INFO] [main] [<listcomp>]: ('PUBLIC_IP', '178.204.149.172')
2024-09-05 03:23:05,693 [INFO] [main] [<listcomp>]: ('WEBHOOK_PATH', '/bot/')
2024-09-05 03:23:05,693 [INFO] [main] [<listcomp>]: ('WEBHOOK_SECRET', 'sEcrEet2-24')
2024-09-05 03:23:05,693 [INFO] [main] [<listcomp>]: ('WEB_SERVER_HOST', '127.0.0.1')
2024-09-05 03:23:05,693 [INFO] [main] [<listcomp>]: ('LOG_MANAGE', 'manageBots.log')
2024-09-05 03:23:48,851 [INFO] [utils] [prepare_Nginx]: 

  === Предварительная подготовка Nginx сервера: ===

2024-09-05 03:23:48,851 [INFO] [utils] [run_com]: 
  === Командная строка (split): ===
['./Scripts/ssl.sh', '178.204.149.172']

2024-09-05 03:23:48,978 [INFO] [utils] [prepare_Nginx]: 

=== Создаем директорию для SSL сертификатов Nginx ===
владелец '/etc/ssl/nginx' оставлен как marat

=== Формируем самоподписанные сертификаты и ключи ===

=== Создаем директорию './SSL' для линков сертификата. ===

=== Создаем ссылку на сертификат SSL: ===
'./SSL/178.204.149.172.self.crt' -> '/etc/ssl/nginx/178.204.149.172.self.crt'

=== Создаем ссылку на ключ SSL: ===
'./SSL/178.204.149.172.self.key' -> '/etc/ssl/nginx/178.204.149.172.self.key'

=== SSL: ===
..+.........+...+...+..............+.............+++++++++++++++++++++++++++++++++++++++++++++++++++++++++++++++++*..+......+...+.+.........+.....+...+.......+.....+...+..........+..+.......+......+...+.....+.+.....+...+................+.........+...+.....+....+.....+..........+...+......+.........+..+....+.....+......+++++++++++++++++++++++++++++++++++++++++++++++++++++++++++++++++*.+....+...+.....+.........+.+.....+.........+....+......+++++++++++++++++++++++++++++++++++++++++++++++++++++++++++++++++
..+...+....+........+...+...+.+......+.....+...+......+.+++++++++++++++++++++++++++++++++++++++++++++++++++++++++++++++++*...+..........+++++++++++++++++++++++++++++++++++++++++++++++++++++++++++++++++*..........+.+...+.................+...+.......+.........+......+...+.....+............+....+...+.....+...+..........+.....+...+....+...+...+..+.......+........+...+.+.........+..+....+...+......+.....+......+.+..+............+...+...+...+...................+..+.+..+...............+......+.+.........+......+........+.......+........+............+......+.......+...+...+.....+....+...+...+..+.......+.....................+..+.............+............+...+.........+.....+..........+...+.....+...+....+.....+.......+........+......+.........+.......+++++++++++++++++++++++++++++++++++++++++++++++++++++++++++++++++
-----

2024-09-05 03:23:48,978 [INFO] [utils] [run_com]: 
  === Командная строка (split): ===
['./Scripts/nginx.sh', '178.204.149.172']

2024-09-05 03:23:48,983 [INFO] [utils] [prepare_Nginx]: 
владелец '/etc/nginx/conf.d/manageBots.conf' оставлен как marat
владелец '/etc/nginx/conf.d/bots/bot_6615142110:AAHbuZTgRmqdGibn5MnzRD67CgflJqGJnJQ.conf' оставлен как marat
владелец '/etc/nginx/conf.d/bots/bot_6189775277:AAEdN3J6195JHePhN4wfE-BZTszwFB-MtAQ.conf' оставлен как marat
владелец '/etc/nginx/conf.d/bots/bot_6479059814:AAFAi3Ksbq1cqb3hemkRdyL2RYkCWtCVzi0.conf' оставлен как marat
владелец '/etc/nginx/conf.d/bots' оставлен как marat
владелец '/etc/nginx/conf.d' оставлен как marat

=== Формируем общую конфигурацию '/etc/nginx/conf.d/manageBots.conf' ===

=== Файл конфигурации уже существует!!! ===
=== Изменения НЕ внесены!!! ===
=== Для изменений удалите или переименуйте файл 'manageBots.conf'!!! ===

=== Ошибка: ===

2024-09-05 03:23:48,995 [INFO] [main] [<module>]: === Настройки: ===
2024-09-05 03:23:48,995 [INFO] [main] [<module>]: BASE_WEBHOOK_URL= 'https://178.204.149.172:8443'
2024-09-05 03:23:48,995 [INFO] [main] [<module>]: WEBHOOK_SSL_CERT= '/etc/ssl/nginx/178.204.149.172.self.crt'
2024-09-05 03:23:48,995 [INFO] [main] [<module>]: WEBHOOK_SSL_KEY= '/etc/ssl/nginx/178.204.149.172.self.key'
2024-09-05 03:23:48,995 [INFO] [main] [<listcomp>]: ('DATABASE_URL_SQLITE', 'sqlite+pysqlite:///./DB/mb.sqlite3')
2024-09-05 03:23:48,995 [INFO] [main] [<listcomp>]: ('SELF_SSL', True)
2024-09-05 03:23:48,995 [INFO] [main] [<listcomp>]: ('PUBLIC_IP', '178.204.149.172')
2024-09-05 03:23:48,995 [INFO] [main] [<listcomp>]: ('WEBHOOK_PATH', '/bot/')
2024-09-05 03:23:48,995 [INFO] [main] [<listcomp>]: ('WEBHOOK_SECRET', 'sEcrEet2-24')
2024-09-05 03:23:48,995 [INFO] [main] [<listcomp>]: ('WEB_SERVER_HOST', '127.0.0.1')
2024-09-05 03:23:48,995 [INFO] [main] [<listcomp>]: ('LOG_MANAGE', 'manageBots.log')
2024-09-05 03:24:24,599 [INFO] [utils] [prepare_Nginx]: 

  === Предварительная подготовка Nginx сервера: ===

2024-09-05 03:24:24,599 [INFO] [utils] [run_com]: 
  === Командная строка (split): ===
['./Scripts/ssl.sh', '178.204.149.172']

2024-09-05 03:24:24,725 [INFO] [utils] [prepare_Nginx]: 

=== Создаем директорию для SSL сертификатов Nginx ===
владелец '/etc/ssl/nginx' оставлен как marat

=== Формируем самоподписанные сертификаты и ключи ===

=== Создаем директорию './SSL' для линков сертификата. ===

=== Создаем ссылку на сертификат SSL: ===
'./SSL/178.204.149.172.self.crt' -> '/etc/ssl/nginx/178.204.149.172.self.crt'

=== Создаем ссылку на ключ SSL: ===
'./SSL/178.204.149.172.self.key' -> '/etc/ssl/nginx/178.204.149.172.self.key'

=== SSL: ===
....+......+.....+.+.....+...+..........+.........+..+.+..+.+..+.......+...........+.+......+..+..........+...+...+.................+....+.....+.............+..+....+...........+...+.......+.....+...+.+.........+...+.........+...+............+.....+.+..+..........+..+.............+..+.+.....+++++++++++++++++++++++++++++++++++++++++++++++++++++++++++++++++*..+.+.....+....+++++++++++++++++++++++++++++++++++++++++++++++++++++++++++++++++*.+...+......+......+.......+...........+.+........+.+......+.....+.+..+.....................+......+......+.........+.+++++++++++++++++++++++++++++++++++++++++++++++++++++++++++++++++
....+...+..+.......+.....+.............+............+...+............+.....+.+.....+...+....+...+.....+...+....+..+....+++++++++++++++++++++++++++++++++++++++++++++++++++++++++++++++++*.......+....+.....................+......+.........+++++++++++++++++++++++++++++++++++++++++++++++++++++++++++++++++*...+............+...+....+..+..........+.....+...+...+.......+...+..................+..+.............+..+....+.....+...+......+.+...........+.........+....+....................+.+...+...+........+.+...+..+.........+....+...+.....+............+.+..+.......+...+...+...........+.+..+.......+.........+......+.....+..........+...+......+...........+...+...+.........+...+...+............+.......+...+..+.+...+.....+............+...+....+...+..+.............+++++++++++++++++++++++++++++++++++++++++++++++++++++++++++++++++
-----

2024-09-05 03:24:24,726 [INFO] [utils] [run_com]: 
  === Командная строка (split): ===
['./Scripts/nginx.sh', '178.204.149.172']

2024-09-05 03:24:24,731 [INFO] [utils] [prepare_Nginx]: 
владелец '/etc/nginx/conf.d/manageBots.conf' оставлен как marat
владелец '/etc/nginx/conf.d/bots/bot_6615142110:AAHbuZTgRmqdGibn5MnzRD67CgflJqGJnJQ.conf' оставлен как marat
владелец '/etc/nginx/conf.d/bots/bot_6189775277:AAEdN3J6195JHePhN4wfE-BZTszwFB-MtAQ.conf' оставлен как marat
владелец '/etc/nginx/conf.d/bots/bot_6479059814:AAFAi3Ksbq1cqb3hemkRdyL2RYkCWtCVzi0.conf' оставлен как marat
владелец '/etc/nginx/conf.d/bots' оставлен как marat
владелец '/etc/nginx/conf.d' оставлен как marat

=== Формируем общую конфигурацию '/etc/nginx/conf.d/manageBots.conf' ===

=== Файл конфигурации уже существует!!! ===
=== Изменения НЕ внесены!!! ===
=== Для изменений удалите или переименуйте файл 'manageBots.conf'!!! ===

=== Ошибка: ===

2024-09-05 03:24:24,742 [INFO] [main] [<module>]: === Настройки: ===
2024-09-05 03:24:24,742 [INFO] [main] [<module>]: BASE_WEBHOOK_URL= 'https://178.204.149.172:8443'
2024-09-05 03:24:24,742 [INFO] [main] [<module>]: WEBHOOK_SSL_CERT= '/etc/ssl/nginx/178.204.149.172.self.crt'
2024-09-05 03:24:24,742 [INFO] [main] [<module>]: WEBHOOK_SSL_KEY= '/etc/ssl/nginx/178.204.149.172.self.key'
2024-09-05 03:24:24,742 [INFO] [main] [<listcomp>]: ('DATABASE_URL_SQLITE', 'sqlite+pysqlite:///./DB/mb.sqlite3')
2024-09-05 03:24:24,742 [INFO] [main] [<listcomp>]: ('SELF_SSL', True)
2024-09-05 03:24:24,742 [INFO] [main] [<listcomp>]: ('PUBLIC_IP', '178.204.149.172')
2024-09-05 03:24:24,742 [INFO] [main] [<listcomp>]: ('WEBHOOK_PATH', '/bot/')
2024-09-05 03:24:24,742 [INFO] [main] [<listcomp>]: ('WEBHOOK_SECRET', 'sEcrEet2-24')
2024-09-05 03:24:24,742 [INFO] [main] [<listcomp>]: ('WEB_SERVER_HOST', '127.0.0.1')
2024-09-05 03:24:24,742 [INFO] [main] [<listcomp>]: ('LOG_MANAGE', 'manageBots.log')
2024-09-05 03:24:54,642 [INFO] [utils] [prepare_Nginx]: 

  === Предварительная подготовка Nginx сервера: ===

2024-09-05 03:24:54,642 [INFO] [utils] [run_com]: 
  === Командная строка (split): ===
['./Scripts/ssl.sh', '178.204.149.172']

2024-09-05 03:24:54,748 [INFO] [utils] [prepare_Nginx]: 

=== Создаем директорию для SSL сертификатов Nginx ===
владелец '/etc/ssl/nginx' оставлен как marat

=== Формируем самоподписанные сертификаты и ключи ===

=== Создаем директорию './SSL' для линков сертификата. ===

=== Создаем ссылку на сертификат SSL: ===
'./SSL/178.204.149.172.self.crt' -> '/etc/ssl/nginx/178.204.149.172.self.crt'

=== Создаем ссылку на ключ SSL: ===
'./SSL/178.204.149.172.self.key' -> '/etc/ssl/nginx/178.204.149.172.self.key'

=== SSL: ===
...+......+.+.....+.......+++++++++++++++++++++++++++++++++++++++++++++++++++++++++++++++++*...+......+.+........+.......+............+.....+.......+...+...........+......+.+...+..+.......+.....+.+.....+.........+.+.....+++++++++++++++++++++++++++++++++++++++++++++++++++++++++++++++++*.....+.+...+..+.............+........+............+.+.........+...........+..........+...........+.+..+.+..+....+........+...+.........+....+.........+.....+............+...+......+....+...+...+..+.......+...+........+.+.....................+.....+.......+...........+......+...+.......+.....+......+.......+.....+.+.....+.+........+............+.+...+.....+....+.....+...+....+++++++++++++++++++++++++++++++++++++++++++++++++++++++++++++++++
....+.....+.+..+.........+....+.....+....+++++++++++++++++++++++++++++++++++++++++++++++++++++++++++++++++*.+..................+...+...+++++++++++++++++++++++++++++++++++++++++++++++++++++++++++++++++*..+............+...+...........+...+...+.......+...........+.+...+..+++++++++++++++++++++++++++++++++++++++++++++++++++++++++++++++++
-----

2024-09-05 03:24:54,748 [INFO] [utils] [run_com]: 
  === Командная строка (split): ===
['./Scripts/nginx.sh', '178.204.149.172']

2024-09-05 03:24:54,753 [INFO] [utils] [prepare_Nginx]: 
владелец '/etc/nginx/conf.d/manageBots.conf' оставлен как marat
владелец '/etc/nginx/conf.d/bots/bot_6615142110:AAHbuZTgRmqdGibn5MnzRD67CgflJqGJnJQ.conf' оставлен как marat
владелец '/etc/nginx/conf.d/bots/bot_6189775277:AAEdN3J6195JHePhN4wfE-BZTszwFB-MtAQ.conf' оставлен как marat
владелец '/etc/nginx/conf.d/bots/bot_6479059814:AAFAi3Ksbq1cqb3hemkRdyL2RYkCWtCVzi0.conf' оставлен как marat
владелец '/etc/nginx/conf.d/bots' оставлен как marat
владелец '/etc/nginx/conf.d' оставлен как marat

=== Формируем общую конфигурацию '/etc/nginx/conf.d/manageBots.conf' ===

=== Файл конфигурации уже существует!!! ===
=== Изменения НЕ внесены!!! ===
=== Для изменений удалите или переименуйте файл 'manageBots.conf'!!! ===

=== Ошибка: ===

2024-09-05 03:24:54,765 [INFO] [main] [<module>]: === Настройки: ===
2024-09-05 03:24:54,765 [INFO] [main] [<module>]: BASE_WEBHOOK_URL= 'https://178.204.149.172:8443'
2024-09-05 03:24:54,765 [INFO] [main] [<module>]: WEBHOOK_SSL_CERT= '/etc/ssl/nginx/178.204.149.172.self.crt'
2024-09-05 03:24:54,765 [INFO] [main] [<module>]: WEBHOOK_SSL_KEY= '/etc/ssl/nginx/178.204.149.172.self.key'
2024-09-05 03:24:54,765 [INFO] [main] [<listcomp>]: ('DATABASE_URL_SQLITE', 'sqlite+pysqlite:///./DB/mb.sqlite3')
2024-09-05 03:24:54,765 [INFO] [main] [<listcomp>]: ('SELF_SSL', True)
2024-09-05 03:24:54,765 [INFO] [main] [<listcomp>]: ('PUBLIC_IP', '178.204.149.172')
2024-09-05 03:24:54,765 [INFO] [main] [<listcomp>]: ('WEBHOOK_PATH', '/bot/')
2024-09-05 03:24:54,765 [INFO] [main] [<listcomp>]: ('WEBHOOK_SECRET', 'sEcrEet2-24')
2024-09-05 03:24:54,765 [INFO] [main] [<listcomp>]: ('WEB_SERVER_HOST', '127.0.0.1')
2024-09-05 03:24:54,765 [INFO] [main] [<listcomp>]: ('LOG_MANAGE', 'manageBots.log')
2024-09-05 03:25:32,569 [INFO] [utils] [prepare_Nginx]: 

  === Предварительная подготовка Nginx сервера: ===

2024-09-05 03:25:32,570 [INFO] [utils] [run_com]: 
  === Командная строка (split): ===
['./Scripts/ssl.sh', '178.204.149.172']

2024-09-05 03:25:32,808 [INFO] [utils] [prepare_Nginx]: 

=== Создаем директорию для SSL сертификатов Nginx ===
владелец '/etc/ssl/nginx' оставлен как marat

=== Формируем самоподписанные сертификаты и ключи ===

=== Создаем директорию './SSL' для линков сертификата. ===

=== Создаем ссылку на сертификат SSL: ===
'./SSL/178.204.149.172.self.crt' -> '/etc/ssl/nginx/178.204.149.172.self.crt'

=== Создаем ссылку на ключ SSL: ===
'./SSL/178.204.149.172.self.key' -> '/etc/ssl/nginx/178.204.149.172.self.key'

=== SSL: ===
...+..+.+......+.....+...+.+++++++++++++++++++++++++++++++++++++++++++++++++++++++++++++++++*....+......+.+.....+...+.+......+........+......+.........+....+++++++++++++++++++++++++++++++++++++++++++++++++++++++++++++++++*......+....+...+...+.........+.....+...+...+...+.+..............+....+..+......+...............+....+.....+...+.+...............+.....+.......+.........+.....+....+.........+..+.....................+.......+...+..+...+..................+..........+..+.......+...+..+................+..+..........+............+...........+......+.+..+.......+.....+...+..........+........+...+....+..+..........+.....+......+...+.+.....+.........+.+......+...............+.....+....+.....+....+..+.............+..+.........+.........+.......+.....+.........+...+.......+...+...+.....+.......+.................+...+..........+....................+......+.+......+..+.+.....+....+...........+.+.....+....+..+...+....+..+....+......+...............+.........+..+....+...+......+.....+......+......+....+...+.................+.........+.......+..+.+......+........+.......+...+...........+....+.....+......+...............+.........................+..+.........+.+...+.........+..+...+...+...+.+......+...+..+....+..............+.........+.+.....+.......+.....+...+....+......+.....+....+..+...+.+.........+.....+......................+......+..+.+......+.....+.+..+.+......+..................+..+.+............+...+..................+.....+.........+...+.........+.........+......+.+..+.+..+++++++++++++++++++++++++++++++++++++++++++++++++++++++++++++++++
..+.+.........+...........+......+...+....+++++++++++++++++++++++++++++++++++++++++++++++++++++++++++++++++*..+.....+...+.+.....+.+++++++++++++++++++++++++++++++++++++++++++++++++++++++++++++++++*.+..........+..............+.+...+.....+.+.....+...+...+...+.........+......+....+..................+.....+.........+...+...+...............+...+......+.+...+...........+.........+.+...............+.....+....+..+.......+...+...+...............+++++++++++++++++++++++++++++++++++++++++++++++++++++++++++++++++
-----

2024-09-05 03:25:32,808 [INFO] [utils] [run_com]: 
  === Командная строка (split): ===
['./Scripts/nginx.sh', '178.204.149.172']

2024-09-05 03:25:32,814 [INFO] [utils] [prepare_Nginx]: 
владелец '/etc/nginx/conf.d/manageBots.conf' оставлен как marat
владелец '/etc/nginx/conf.d/bots/bot_6615142110:AAHbuZTgRmqdGibn5MnzRD67CgflJqGJnJQ.conf' оставлен как marat
владелец '/etc/nginx/conf.d/bots/bot_6189775277:AAEdN3J6195JHePhN4wfE-BZTszwFB-MtAQ.conf' оставлен как marat
владелец '/etc/nginx/conf.d/bots/bot_6479059814:AAFAi3Ksbq1cqb3hemkRdyL2RYkCWtCVzi0.conf' оставлен как marat
владелец '/etc/nginx/conf.d/bots' оставлен как marat
владелец '/etc/nginx/conf.d' оставлен как marat

=== Формируем общую конфигурацию '/etc/nginx/conf.d/manageBots.conf' ===

=== Файл конфигурации уже существует!!! ===
=== Изменения НЕ внесены!!! ===
=== Для изменений удалите или переименуйте файл 'manageBots.conf'!!! ===

=== Ошибка: ===

2024-09-05 03:25:32,825 [INFO] [main] [<module>]: === Настройки: ===
2024-09-05 03:25:32,825 [INFO] [main] [<module>]: BASE_WEBHOOK_URL= 'https://178.204.149.172:8443'
2024-09-05 03:25:32,825 [INFO] [main] [<module>]: WEBHOOK_SSL_CERT= '/etc/ssl/nginx/178.204.149.172.self.crt'
2024-09-05 03:25:32,825 [INFO] [main] [<module>]: WEBHOOK_SSL_KEY= '/etc/ssl/nginx/178.204.149.172.self.key'
2024-09-05 03:25:32,825 [INFO] [main] [<listcomp>]: ('DATABASE_URL_SQLITE', 'sqlite+pysqlite:///./DB/mb.sqlite3')
2024-09-05 03:25:32,825 [INFO] [main] [<listcomp>]: ('SELF_SSL', True)
2024-09-05 03:25:32,825 [INFO] [main] [<listcomp>]: ('PUBLIC_IP', '178.204.149.172')
2024-09-05 03:25:32,825 [INFO] [main] [<listcomp>]: ('WEBHOOK_PATH', '/bot/')
2024-09-05 03:25:32,825 [INFO] [main] [<listcomp>]: ('WEBHOOK_SECRET', 'sEcrEet2-24')
2024-09-05 03:25:32,825 [INFO] [main] [<listcomp>]: ('WEB_SERVER_HOST', '127.0.0.1')
2024-09-05 03:25:32,825 [INFO] [main] [<listcomp>]: ('LOG_MANAGE', 'manageBots.log')
2024-09-05 03:25:51,772 [INFO] [utils] [prepare_Nginx]: 

  === Предварительная подготовка Nginx сервера: ===

2024-09-05 03:25:51,772 [INFO] [utils] [run_com]: 
  === Командная строка (split): ===
['./Scripts/ssl.sh', '178.204.149.172']

2024-09-05 03:25:51,956 [INFO] [utils] [prepare_Nginx]: 

=== Создаем директорию для SSL сертификатов Nginx ===
владелец '/etc/ssl/nginx' оставлен как marat

=== Формируем самоподписанные сертификаты и ключи ===

=== Создаем директорию './SSL' для линков сертификата. ===

=== Создаем ссылку на сертификат SSL: ===
'./SSL/178.204.149.172.self.crt' -> '/etc/ssl/nginx/178.204.149.172.self.crt'

=== Создаем ссылку на ключ SSL: ===
'./SSL/178.204.149.172.self.key' -> '/etc/ssl/nginx/178.204.149.172.self.key'

=== SSL: ===
...+..........+...+........+.+......+..+.+............+..+...+++++++++++++++++++++++++++++++++++++++++++++++++++++++++++++++++*....+...+.....+.......+...+..+....+++++++++++++++++++++++++++++++++++++++++++++++++++++++++++++++++*..+...+.+...........+....+......+...+..+..........+.....+....+..+..........+.................+...+....+........+......+.+.....+.+..+............+......+...+....+.................+.+...+.....+......+...+.+..+............+...+.......+...+..+.+......+.........+......+.....+....+..+....+......+........+.+...+...+..............+.+..+.+...............+............+++++++++++++++++++++++++++++++++++++++++++++++++++++++++++++++++
...+.....+..........+...+.........+.....+.+++++++++++++++++++++++++++++++++++++++++++++++++++++++++++++++++*..+.......+.....+.+...........+....+.....+++++++++++++++++++++++++++++++++++++++++++++++++++++++++++++++++*.+......+........+...+..........+............+........+.......+..+.+.........+........+.+.....+...............+....+..+....+...........+.............+...+..+......+.+...........+.......+...+.....+....+.......................+.+..+...+.......+..............+......+....+...+........+.........+.+.................+............+....+......+......+.....+...+....+.....+.+...........+...+.+.....+....+..+.........+....+...............+...+.........+..............+....+.....+...+..........+.................+.+.....+.+......+.....+.......+..+..................+.+..+.........+......+...+.........+......+.+...+............+.....+...+...+..........+.....+....+......+........+...................+.....................+..+++++++++++++++++++++++++++++++++++++++++++++++++++++++++++++++++
-----

2024-09-05 03:25:51,956 [INFO] [utils] [run_com]: 
  === Командная строка (split): ===
['./Scripts/nginx.sh', '178.204.149.172']

2024-09-05 03:25:51,961 [INFO] [utils] [prepare_Nginx]: 
владелец '/etc/nginx/conf.d/manageBots.conf' оставлен как marat
владелец '/etc/nginx/conf.d/bots/bot_6615142110:AAHbuZTgRmqdGibn5MnzRD67CgflJqGJnJQ.conf' оставлен как marat
владелец '/etc/nginx/conf.d/bots/bot_6189775277:AAEdN3J6195JHePhN4wfE-BZTszwFB-MtAQ.conf' оставлен как marat
владелец '/etc/nginx/conf.d/bots/bot_6479059814:AAFAi3Ksbq1cqb3hemkRdyL2RYkCWtCVzi0.conf' оставлен как marat
владелец '/etc/nginx/conf.d/bots' оставлен как marat
владелец '/etc/nginx/conf.d' оставлен как marat

=== Формируем общую конфигурацию '/etc/nginx/conf.d/manageBots.conf' ===

=== Файл конфигурации уже существует!!! ===
=== Изменения НЕ внесены!!! ===
=== Для изменений удалите или переименуйте файл 'manageBots.conf'!!! ===

=== Ошибка: ===

2024-09-05 03:25:51,973 [INFO] [main] [<module>]: === Настройки: ===
2024-09-05 03:25:51,973 [INFO] [main] [<module>]: BASE_WEBHOOK_URL= 'https://178.204.149.172:8443'
2024-09-05 03:25:51,973 [INFO] [main] [<module>]: WEBHOOK_SSL_CERT= '/etc/ssl/nginx/178.204.149.172.self.crt'
2024-09-05 03:25:51,973 [INFO] [main] [<module>]: WEBHOOK_SSL_KEY= '/etc/ssl/nginx/178.204.149.172.self.key'
2024-09-05 03:25:51,973 [INFO] [main] [<listcomp>]: ('DATABASE_URL_SQLITE', 'sqlite+pysqlite:///./DB/mb.sqlite3')
2024-09-05 03:25:51,973 [INFO] [main] [<listcomp>]: ('SELF_SSL', True)
2024-09-05 03:25:51,973 [INFO] [main] [<listcomp>]: ('PUBLIC_IP', '178.204.149.172')
2024-09-05 03:25:51,973 [INFO] [main] [<listcomp>]: ('WEBHOOK_PATH', '/bot/')
2024-09-05 03:25:51,973 [INFO] [main] [<listcomp>]: ('WEBHOOK_SECRET', 'sEcrEet2-24')
2024-09-05 03:25:51,973 [INFO] [main] [<listcomp>]: ('WEB_SERVER_HOST', '127.0.0.1')
2024-09-05 03:25:51,973 [INFO] [main] [<listcomp>]: ('LOG_MANAGE', 'manageBots.log')
2024-09-05 03:27:24,342 [INFO] [utils] [prepare_Nginx]: 

  === Предварительная подготовка Nginx сервера: ===

2024-09-05 03:27:24,342 [INFO] [utils] [run_com]: 
  === Командная строка (split): ===
['./Scripts/ssl.sh', '178.204.149.172']

2024-09-05 03:27:24,591 [INFO] [utils] [prepare_Nginx]: 

=== Создаем директорию для SSL сертификатов Nginx ===
владелец '/etc/ssl/nginx' оставлен как marat

=== Формируем самоподписанные сертификаты и ключи ===

=== Создаем директорию './SSL' для линков сертификата. ===

=== Создаем ссылку на сертификат SSL: ===
'./SSL/178.204.149.172.self.crt' -> '/etc/ssl/nginx/178.204.149.172.self.crt'

=== Создаем ссылку на ключ SSL: ===
'./SSL/178.204.149.172.self.key' -> '/etc/ssl/nginx/178.204.149.172.self.key'

=== SSL: ===
.....+++++++++++++++++++++++++++++++++++++++++++++++++++++++++++++++++*..............+++++++++++++++++++++++++++++++++++++++++++++++++++++++++++++++++*....+.+........+......+.+.....+.......+........+.........+....+..+.............+.........+...+.................+.+......+.....+......+............+..........+......+.....+......+....+..+.......+......+.........+.....+...+....+......+..+.+...............+..+....+.....+..........+...+...+...+.....+....+...............+......+..+...................+........+......+.+........+...+....+........+.............+.....+...+.......+.........+...+..+...+......+............+...+.+...+...+..............+....+.....+.+...+...+..+................+.........+......+..+....+..............+.+...+.....+...+...+......+.+.........+.....................+..+...+.........+.+...............+...+..............+..........+......+..+...+.+.....+................+..+.......+...+..+.........+......+.+.....+...+......+.+.........+...+........+.......+.....+.+......+..............+.......+.....+.......+..+...+.......+.....+......+.........+...+...+....+.....+....+......+........+...+...+.......+...+......+..............+.......+.....+...+.+...+..+.........+....+...............+..+...+...+............+.+............+........+.......+..+.+..+.......+..+......+...+....+.................+...............+...+.......+........+...+....+......+..+.+............+.....+....+...+..+.+........+......+.+........+........................+.......+...........+...+.+....................+.........+.+......+..+...+...+....+...+...+.....+............+....+...+..+..........+........+............+.+...+.....+.......+..+.+...........+...+..........+..+.+...+..........................+++++++++++++++++++++++++++++++++++++++++++++++++++++++++++++++++
.....+.+..+...+.+.....+.+...+......+.....+++++++++++++++++++++++++++++++++++++++++++++++++++++++++++++++++*.+......+......+..+++++++++++++++++++++++++++++++++++++++++++++++++++++++++++++++++*.....+.........+..+......+...............+...+++++++++++++++++++++++++++++++++++++++++++++++++++++++++++++++++
-----

2024-09-05 03:27:24,591 [INFO] [utils] [run_com]: 
  === Командная строка (split): ===
['./Scripts/nginx.sh', '178.204.149.172']

2024-09-05 03:27:24,596 [INFO] [utils] [prepare_Nginx]: 
владелец '/etc/nginx/conf.d/manageBots.conf' оставлен как marat
владелец '/etc/nginx/conf.d/bots/bot_6615142110:AAHbuZTgRmqdGibn5MnzRD67CgflJqGJnJQ.conf' оставлен как marat
владелец '/etc/nginx/conf.d/bots/bot_6189775277:AAEdN3J6195JHePhN4wfE-BZTszwFB-MtAQ.conf' оставлен как marat
владелец '/etc/nginx/conf.d/bots/bot_6479059814:AAFAi3Ksbq1cqb3hemkRdyL2RYkCWtCVzi0.conf' оставлен как marat
владелец '/etc/nginx/conf.d/bots' оставлен как marat
владелец '/etc/nginx/conf.d' оставлен как marat

=== Формируем общую конфигурацию '/etc/nginx/conf.d/manageBots.conf' ===

=== Файл конфигурации уже существует!!! ===
=== Изменения НЕ внесены!!! ===
=== Для изменений удалите или переименуйте файл 'manageBots.conf'!!! ===

=== Ошибка: ===

2024-09-05 03:27:24,607 [INFO] [main] [<module>]: === Настройки: ===
2024-09-05 03:27:24,607 [INFO] [main] [<module>]: BASE_WEBHOOK_URL= 'https://178.204.149.172:8443'
2024-09-05 03:27:24,607 [INFO] [main] [<module>]: WEBHOOK_SSL_CERT= '/etc/ssl/nginx/178.204.149.172.self.crt'
2024-09-05 03:27:24,607 [INFO] [main] [<module>]: WEBHOOK_SSL_KEY= '/etc/ssl/nginx/178.204.149.172.self.key'
2024-09-05 03:27:24,607 [INFO] [main] [<listcomp>]: ('DATABASE_URL_SQLITE', 'sqlite+pysqlite:///./DB/mb.sqlite3')
2024-09-05 03:27:24,607 [INFO] [main] [<listcomp>]: ('SELF_SSL', True)
2024-09-05 03:27:24,607 [INFO] [main] [<listcomp>]: ('PUBLIC_IP', '178.204.149.172')
2024-09-05 03:27:24,607 [INFO] [main] [<listcomp>]: ('WEBHOOK_PATH', '/bot/')
2024-09-05 03:27:24,608 [INFO] [main] [<listcomp>]: ('WEBHOOK_SECRET', 'sEcrEet2-24')
2024-09-05 03:27:24,608 [INFO] [main] [<listcomp>]: ('WEB_SERVER_HOST', '127.0.0.1')
2024-09-05 03:27:24,608 [INFO] [main] [<listcomp>]: ('LOG_MANAGE', 'manageBots.log')
2024-09-05 03:29:10,468 [INFO] [utils] [prepare_Nginx]: 

  === Предварительная подготовка Nginx сервера: ===

2024-09-05 03:29:10,468 [INFO] [utils] [run_com]: 
  === Командная строка (split): ===
['./Scripts/ssl.sh', '178.204.149.172']

2024-09-05 03:29:10,903 [INFO] [utils] [prepare_Nginx]: 

=== Создаем директорию для SSL сертификатов Nginx ===
владелец '/etc/ssl/nginx' оставлен как marat

=== Формируем самоподписанные сертификаты и ключи ===

=== Создаем директорию './SSL' для линков сертификата. ===

=== Создаем ссылку на сертификат SSL: ===
'./SSL/178.204.149.172.self.crt' -> '/etc/ssl/nginx/178.204.149.172.self.crt'

=== Создаем ссылку на ключ SSL: ===
'./SSL/178.204.149.172.self.key' -> '/etc/ssl/nginx/178.204.149.172.self.key'

=== SSL: ===
.....+..+....+..+...+.......+.....+............+.+++++++++++++++++++++++++++++++++++++++++++++++++++++++++++++++++*.......+++++++++++++++++++++++++++++++++++++++++++++++++++++++++++++++++*....+.....+.+...+..+....+.....+..........+...+........+...+.......+...+....................+.+...+.....+......+.+......+........+.......+.....+...+......+.+..+......+....+...+...+............+..+...+.........+....+.........+......+......+........+.+......+..................+............+...+...+..............+......+....+.....+......+..........+...+..+.........+...+.+............+.....+...+.+.....+.+..+.............+............+..+...+...............+.+..+...............+....+...............+.....+......+.........+.+........+....+......+..+.......+..+..........+...+.....+.+......+...........+.........+.+..+......+......+....+......+...+.....+..........+..+.........+....+...+.....+............+..........+......+..+....+..............+.........+.+.....................+..................+..+...+.+..+......................+...+........+.+.....+...+.......+......+..+.......+++++++++++++++++++++++++++++++++++++++++++++++++++++++++++++++++
......+.........+++++++++++++++++++++++++++++++++++++++++++++++++++++++++++++++++*............+.........+.+++++++++++++++++++++++++++++++++++++++++++++++++++++++++++++++++*..+...........+...+....+..+...+...+...+....+........+.........+.+..+.+........................+...+.....+.........+.+...............+........................+...+..+....+..+...+....+...+.....+.......+........+............+.+......+...+..+.+...............+...+.........+...+..+.......+.....+......+...+............+....+...+.....+.+..+...+....+........+....+.....+.........+.+..................+...+.....+..........+...+..+...+....+..+......+....+.....+...+.........................+..+.+...+......+......+..+.+..+..........+........+.+...+.....................+..+.......+.....+......+.......+...+..+...+.........+.......+......+...+.....+.+...+..+...+............+.+............+......+..............................+..+....+........+......+.+.....+.+..+.+..+...+......+..........+...+.................+.+..+.+..+.......+..+.........+.+...+...............+..+....+............+..+......................+.........+..............+...+....+.....+...+.......+......+........+.+...............+......+.....+.........+......+...+......+.+........+......+....+......+.....+...+.+..+....+......+.........+........+.+.....+......+....+......+......+...............+...............+.....+....+...........+......................+.....+.............+..+......+.+......+...............+.....+.........+....+..+.......+.....+...+....+......+..+......+......+...+......+.+........+......+....+..+.+.........+.....+.+........+.......+..+................+......+........+.+...........+...............+...+......+.+...+.................+......+.......+...+..+...+......................+.....+.+..+....+.........+..............+...+..........+..+.............+........+..........+...........+....+......+...+......+..+....+...+..+.+...+............+.....+....+........+......+.+...+......+.....+......+.+...+.........+........+.......+...+...+..............+......+..........+.........+...+.....+...+.+.....+....+..+.......+...+..+.+......+...+.....+.......+...+......................................+...+.+.....+......+...+......+....+...........+.+..............+...+.......+...........+............+.+.....+.......+.....+...+.+........+..........+...+..............+.+..+.......+++++++++++++++++++++++++++++++++++++++++++++++++++++++++++++++++
-----

2024-09-05 03:29:10,903 [INFO] [utils] [run_com]: 
  === Командная строка (split): ===
['./Scripts/nginx.sh', '178.204.149.172']

2024-09-05 03:29:10,908 [INFO] [utils] [prepare_Nginx]: 
владелец '/etc/nginx/conf.d/manageBots.conf' оставлен как marat
владелец '/etc/nginx/conf.d/bots/bot_6615142110:AAHbuZTgRmqdGibn5MnzRD67CgflJqGJnJQ.conf' оставлен как marat
владелец '/etc/nginx/conf.d/bots/bot_6189775277:AAEdN3J6195JHePhN4wfE-BZTszwFB-MtAQ.conf' оставлен как marat
владелец '/etc/nginx/conf.d/bots/bot_6479059814:AAFAi3Ksbq1cqb3hemkRdyL2RYkCWtCVzi0.conf' оставлен как marat
владелец '/etc/nginx/conf.d/bots' оставлен как marat
владелец '/etc/nginx/conf.d' оставлен как marat

=== Формируем общую конфигурацию '/etc/nginx/conf.d/manageBots.conf' ===

=== Файл конфигурации уже существует!!! ===
=== Изменения НЕ внесены!!! ===
=== Для изменений удалите или переименуйте файл 'manageBots.conf'!!! ===

=== Ошибка: ===

2024-09-05 03:29:10,919 [INFO] [main] [<module>]: === Настройки: ===
2024-09-05 03:29:10,919 [INFO] [main] [<module>]: BASE_WEBHOOK_URL= 'https://178.204.149.172:8443'
2024-09-05 03:29:10,919 [INFO] [main] [<module>]: WEBHOOK_SSL_CERT= '/etc/ssl/nginx/178.204.149.172.self.crt'
2024-09-05 03:29:10,919 [INFO] [main] [<module>]: WEBHOOK_SSL_KEY= '/etc/ssl/nginx/178.204.149.172.self.key'
2024-09-05 03:29:10,919 [INFO] [main] [<listcomp>]: ('DATABASE_URL_SQLITE', 'sqlite+pysqlite:///./DB/mb.sqlite3')
2024-09-05 03:29:10,919 [INFO] [main] [<listcomp>]: ('SELF_SSL', True)
2024-09-05 03:29:10,919 [INFO] [main] [<listcomp>]: ('PUBLIC_IP', '178.204.149.172')
2024-09-05 03:29:10,919 [INFO] [main] [<listcomp>]: ('WEBHOOK_PATH', '/bot/')
2024-09-05 03:29:10,919 [INFO] [main] [<listcomp>]: ('WEBHOOK_SECRET', 'sEcrEet2-24')
2024-09-05 03:29:10,919 [INFO] [main] [<listcomp>]: ('WEB_SERVER_HOST', '127.0.0.1')
2024-09-05 03:29:10,919 [INFO] [main] [<listcomp>]: ('LOG_MANAGE', 'manageBots.log')
2024-09-05 03:30:10,844 [INFO] [utils] [prepare_Nginx]: 

  === Предварительная подготовка Nginx сервера: ===

2024-09-05 03:30:10,844 [INFO] [utils] [run_com]: 
  === Командная строка (split): ===
['./Scripts/ssl.sh', '178.204.149.172']

2024-09-05 03:30:11,033 [INFO] [utils] [prepare_Nginx]: 

=== Создаем директорию для SSL сертификатов Nginx ===
владелец '/etc/ssl/nginx' оставлен как marat

=== Формируем самоподписанные сертификаты и ключи ===

=== Создаем директорию './SSL' для линков сертификата. ===

=== Создаем ссылку на сертификат SSL: ===
'./SSL/178.204.149.172.self.crt' -> '/etc/ssl/nginx/178.204.149.172.self.crt'

=== Создаем ссылку на ключ SSL: ===
'./SSL/178.204.149.172.self.key' -> '/etc/ssl/nginx/178.204.149.172.self.key'

=== SSL: ===
.+...+.+.....+.+.....+...+.+++++++++++++++++++++++++++++++++++++++++++++++++++++++++++++++++*..+.....+...+...+....+...+.....+.+..+.........+.+........+++++++++++++++++++++++++++++++++++++++++++++++++++++++++++++++++*..........+....+...+............+......+..+.+..+.......+...+...............+...+......+........+...+.......+..+.........+......+....+.........+..+...+.+..+.......+...+..+....................................+.+...+...+.....+....+......+...+.........+..+....+...............+............+..+............+.+...+.....+.........+.+.....+....+...+.....+.......+...............+...+..+.......+...+..+..........+...+...........+......+.........+................+.....+..........+...........+.......+..+...............+...+.+..+...+.+...+...+.....+............................+.....+.+++++++++++++++++++++++++++++++++++++++++++++++++++++++++++++++++
.+...........+.+..+...+.......+...+..................+..+++++++++++++++++++++++++++++++++++++++++++++++++++++++++++++++++*.........+.+..+...+....+...+..+.+...........+++++++++++++++++++++++++++++++++++++++++++++++++++++++++++++++++*.......+...+.....................+.........+.........+.+.........+......+......+........+...+..........+..+......+................+.....+.+..............+.+...+.........+..+.+..................+.....+.+.........+.........+............+.....+......+....+...+..+.+............+...+..................+......+...+...........+................+......+........+......+...+......+.+......+.....+....+......+............+.....+.......+...+..+......+.............+......+.....+.........+.+.........+..+............+......+.+.....+.+........+....+..+.+..+++++++++++++++++++++++++++++++++++++++++++++++++++++++++++++++++
-----

2024-09-05 03:30:11,033 [INFO] [utils] [run_com]: 
  === Командная строка (split): ===
['./Scripts/nginx.sh', '178.204.149.172']

2024-09-05 03:30:11,038 [INFO] [utils] [prepare_Nginx]: 
владелец '/etc/nginx/conf.d/manageBots.conf' оставлен как marat
владелец '/etc/nginx/conf.d/bots/bot_6615142110:AAHbuZTgRmqdGibn5MnzRD67CgflJqGJnJQ.conf' оставлен как marat
владелец '/etc/nginx/conf.d/bots/bot_6189775277:AAEdN3J6195JHePhN4wfE-BZTszwFB-MtAQ.conf' оставлен как marat
владелец '/etc/nginx/conf.d/bots/bot_6479059814:AAFAi3Ksbq1cqb3hemkRdyL2RYkCWtCVzi0.conf' оставлен как marat
владелец '/etc/nginx/conf.d/bots' оставлен как marat
владелец '/etc/nginx/conf.d' оставлен как marat

=== Формируем общую конфигурацию '/etc/nginx/conf.d/manageBots.conf' ===

=== Файл конфигурации уже существует!!! ===
=== Изменения НЕ внесены!!! ===
=== Для изменений удалите или переименуйте файл 'manageBots.conf'!!! ===

=== Ошибка: ===

2024-09-05 03:30:11,050 [INFO] [main] [<module>]: === Настройки: ===
2024-09-05 03:30:11,050 [INFO] [main] [<module>]: BASE_WEBHOOK_URL= 'https://178.204.149.172:8443'
2024-09-05 03:30:11,050 [INFO] [main] [<module>]: WEBHOOK_SSL_CERT= '/etc/ssl/nginx/178.204.149.172.self.crt'
2024-09-05 03:30:11,050 [INFO] [main] [<module>]: WEBHOOK_SSL_KEY= '/etc/ssl/nginx/178.204.149.172.self.key'
2024-09-05 03:30:11,050 [INFO] [main] [<listcomp>]: ('DATABASE_URL_SQLITE', 'sqlite+pysqlite:///./DB/mb.sqlite3')
2024-09-05 03:30:11,050 [INFO] [main] [<listcomp>]: ('SELF_SSL', True)
2024-09-05 03:30:11,050 [INFO] [main] [<listcomp>]: ('PUBLIC_IP', '178.204.149.172')
2024-09-05 03:30:11,050 [INFO] [main] [<listcomp>]: ('WEBHOOK_PATH', '/bot/')
2024-09-05 03:30:11,050 [INFO] [main] [<listcomp>]: ('WEBHOOK_SECRET', 'sEcrEet2-24')
2024-09-05 03:30:11,050 [INFO] [main] [<listcomp>]: ('WEB_SERVER_HOST', '127.0.0.1')
2024-09-05 03:30:11,050 [INFO] [main] [<listcomp>]: ('LOG_MANAGE', 'manageBots.log')
2024-09-05 03:34:39,621 [INFO] [utils] [prepare_Nginx]: 

  === Предварительная подготовка Nginx сервера: ===

2024-09-05 03:34:39,621 [INFO] [utils] [run_com]: 
  === Командная строка (split): ===
['./Scripts/ssl.sh', '178.204.149.172']

2024-09-05 03:34:39,783 [INFO] [utils] [prepare_Nginx]: 

=== Создаем директорию для SSL сертификатов Nginx ===
владелец '/etc/ssl/nginx' оставлен как marat

=== Формируем самоподписанные сертификаты и ключи ===

=== Создаем директорию './SSL' для линков сертификата. ===

=== Создаем ссылку на сертификат SSL: ===
'./SSL/178.204.149.172.self.crt' -> '/etc/ssl/nginx/178.204.149.172.self.crt'

=== Создаем ссылку на ключ SSL: ===
'./SSL/178.204.149.172.self.key' -> '/etc/ssl/nginx/178.204.149.172.self.key'

=== SSL: ===
.............+.....+............+....+.....+++++++++++++++++++++++++++++++++++++++++++++++++++++++++++++++++*...+......+.....+......+....+.....+.+.....+.......+....................+......+...............+....+..+.........+++++++++++++++++++++++++++++++++++++++++++++++++++++++++++++++++*.......+.....+....+...+..+.+...............+..+......+.+...+...+.....+...+.......+...+..+.........+......+.......+..+....+......+...+...+...+..+..........+.........+........+............+.+.........+...+..+....+..+...........................+......+.........+...+.........+...+.......+.........+.....+............+...+.+.........+..+.........+.+.....+....+...+...........+.........+...+...+.+...+......+......+.....................+........+.+...+...+...+..+...+......+...+.+..+....+...+.....+.+..+............+.+.....+.+........+.......+......+.........+...+.....+......+......+......+...+...................+...............+...+........+....+...+...............+..+...+....+......+.....+...+......+......+.......+++++++++++++++++++++++++++++++++++++++++++++++++++++++++++++++++
......+....+...+........+.......+..+......+.......+......+......+++++++++++++++++++++++++++++++++++++++++++++++++++++++++++++++++*..............+.+..............+.............+++++++++++++++++++++++++++++++++++++++++++++++++++++++++++++++++*........+..+...+.+........+......+.......+........+.+.....+.+..+.+.........+...+........+.+.....+......+...+......+.+..+...+.............+..+....+..............+.......+++++++++++++++++++++++++++++++++++++++++++++++++++++++++++++++++
-----

2024-09-05 03:34:39,783 [INFO] [utils] [run_com]: 
  === Командная строка (split): ===
['./Scripts/nginx.sh', '178.204.149.172']

2024-09-05 03:34:39,788 [INFO] [utils] [prepare_Nginx]: 
владелец '/etc/nginx/conf.d/manageBots.conf' оставлен как marat
владелец '/etc/nginx/conf.d/bots/bot_6615142110:AAHbuZTgRmqdGibn5MnzRD67CgflJqGJnJQ.conf' оставлен как marat
владелец '/etc/nginx/conf.d/bots/bot_6189775277:AAEdN3J6195JHePhN4wfE-BZTszwFB-MtAQ.conf' оставлен как marat
владелец '/etc/nginx/conf.d/bots/bot_6479059814:AAFAi3Ksbq1cqb3hemkRdyL2RYkCWtCVzi0.conf' оставлен как marat
владелец '/etc/nginx/conf.d/bots' оставлен как marat
владелец '/etc/nginx/conf.d' оставлен как marat

=== Формируем общую конфигурацию '/etc/nginx/conf.d/manageBots.conf' ===

=== Файл конфигурации уже существует!!! ===
=== Изменения НЕ внесены!!! ===
=== Для изменений удалите или переименуйте файл 'manageBots.conf'!!! ===

=== Ошибка: ===

2024-09-05 03:34:39,800 [INFO] [main] [<module>]: === Настройки: ===
2024-09-05 03:34:39,800 [INFO] [main] [<module>]: BASE_WEBHOOK_URL= 'https://178.204.149.172:8443'
2024-09-05 03:34:39,800 [INFO] [main] [<module>]: WEBHOOK_SSL_CERT= '/etc/ssl/nginx/178.204.149.172.self.crt'
2024-09-05 03:34:39,800 [INFO] [main] [<module>]: WEBHOOK_SSL_KEY= '/etc/ssl/nginx/178.204.149.172.self.key'
2024-09-05 03:34:39,800 [INFO] [main] [<listcomp>]: ('DATABASE_URL_SQLITE', 'sqlite+pysqlite:///./DB/mb.sqlite3')
2024-09-05 03:34:39,800 [INFO] [main] [<listcomp>]: ('SELF_SSL', True)
2024-09-05 03:34:39,800 [INFO] [main] [<listcomp>]: ('PUBLIC_IP', '178.204.149.172')
2024-09-05 03:34:39,801 [INFO] [main] [<listcomp>]: ('WEBHOOK_PATH', '/bot/')
2024-09-05 03:34:39,801 [INFO] [main] [<listcomp>]: ('WEBHOOK_SECRET', 'sEcrEet2-24')
2024-09-05 03:34:39,801 [INFO] [main] [<listcomp>]: ('WEB_SERVER_HOST', '127.0.0.1')
2024-09-05 03:34:39,801 [INFO] [main] [<listcomp>]: ('LOG_MANAGE', 'manageBots.log')
2024-09-05 03:37:39,809 [INFO] [utils] [prepare_Nginx]: 

  === Предварительная подготовка Nginx сервера: ===

2024-09-05 03:37:39,809 [INFO] [utils] [run_com]: 
  === Командная строка (split): ===
['./Scripts/ssl.sh', '178.204.149.172']

2024-09-05 03:37:39,922 [INFO] [utils] [prepare_Nginx]: 

=== Создаем директорию для SSL сертификатов Nginx ===
владелец '/etc/ssl/nginx' оставлен как marat

=== Формируем самоподписанные сертификаты и ключи ===

=== Создаем директорию './SSL' для линков сертификата. ===

=== Создаем ссылку на сертификат SSL: ===
'./SSL/178.204.149.172.self.crt' -> '/etc/ssl/nginx/178.204.149.172.self.crt'

=== Создаем ссылку на ключ SSL: ===
'./SSL/178.204.149.172.self.key' -> '/etc/ssl/nginx/178.204.149.172.self.key'

=== SSL: ===
.+.........+...........+.+++++++++++++++++++++++++++++++++++++++++++++++++++++++++++++++++*......+...+.......+...+.........+..+++++++++++++++++++++++++++++++++++++++++++++++++++++++++++++++++*.........+.+...+..+......+...+....+......+.........+..+.............+...+........+......+.+..+.............+...+.....+....+...+..+...+...+............+.........+.+............+..+....+..+...+................+.....+.+.........+++++++++++++++++++++++++++++++++++++++++++++++++++++++++++++++++
..+..+.+...+++++++++++++++++++++++++++++++++++++++++++++++++++++++++++++++++*.....+...+.......+..+...+...+.+++++++++++++++++++++++++++++++++++++++++++++++++++++++++++++++++*..+...+...+...+....+......+......+.....+...............+......+....+...+........+...+....+..+......+...+....+......+......+...+.....+...+...+.........+..........+.....+.......+......+..+...+....+.....+.+.....+....+..............+....+...+.......................+..........+......+.....+++++++++++++++++++++++++++++++++++++++++++++++++++++++++++++++++
-----

2024-09-05 03:37:39,923 [INFO] [utils] [run_com]: 
  === Командная строка (split): ===
['./Scripts/nginx.sh', '178.204.149.172']

2024-09-05 03:37:39,928 [INFO] [utils] [prepare_Nginx]: 
владелец '/etc/nginx/conf.d/manageBots.conf' оставлен как marat
владелец '/etc/nginx/conf.d/bots/bot_6615142110:AAHbuZTgRmqdGibn5MnzRD67CgflJqGJnJQ.conf' оставлен как marat
владелец '/etc/nginx/conf.d/bots/bot_6189775277:AAEdN3J6195JHePhN4wfE-BZTszwFB-MtAQ.conf' оставлен как marat
владелец '/etc/nginx/conf.d/bots/bot_6479059814:AAFAi3Ksbq1cqb3hemkRdyL2RYkCWtCVzi0.conf' оставлен как marat
владелец '/etc/nginx/conf.d/bots' оставлен как marat
владелец '/etc/nginx/conf.d' оставлен как marat

=== Формируем общую конфигурацию '/etc/nginx/conf.d/manageBots.conf' ===

=== Файл конфигурации уже существует!!! ===
=== Изменения НЕ внесены!!! ===
=== Для изменений удалите или переименуйте файл 'manageBots.conf'!!! ===

=== Ошибка: ===

2024-09-05 03:37:39,939 [INFO] [main] [<module>]: === Настройки: ===
2024-09-05 03:37:39,939 [INFO] [main] [<module>]: BASE_WEBHOOK_URL= 'https://178.204.149.172:8443'
2024-09-05 03:37:39,939 [INFO] [main] [<module>]: WEBHOOK_SSL_CERT= '/etc/ssl/nginx/178.204.149.172.self.crt'
2024-09-05 03:37:39,939 [INFO] [main] [<module>]: WEBHOOK_SSL_KEY= '/etc/ssl/nginx/178.204.149.172.self.key'
2024-09-05 03:37:39,939 [INFO] [main] [<listcomp>]: ('DATABASE_URL_SQLITE', 'sqlite+pysqlite:///./DB/mb.sqlite3')
2024-09-05 03:37:39,939 [INFO] [main] [<listcomp>]: ('SELF_SSL', True)
2024-09-05 03:37:39,939 [INFO] [main] [<listcomp>]: ('PUBLIC_IP', '178.204.149.172')
2024-09-05 03:37:39,939 [INFO] [main] [<listcomp>]: ('WEBHOOK_PATH', '/bot/')
2024-09-05 03:37:39,939 [INFO] [main] [<listcomp>]: ('WEBHOOK_SECRET', 'sEcrEet2-24')
2024-09-05 03:37:39,939 [INFO] [main] [<listcomp>]: ('WEB_SERVER_HOST', '127.0.0.1')
2024-09-05 03:37:39,939 [INFO] [main] [<listcomp>]: ('LOG_MANAGE', 'manageBots.log')
2024-09-05 03:38:29,042 [INFO] [utils] [prepare_Nginx]: 

  === Предварительная подготовка Nginx сервера: ===

2024-09-05 03:38:29,042 [INFO] [utils] [run_com]: 
  === Командная строка (split): ===
['./Scripts/ssl.sh', '178.204.149.172']

2024-09-05 03:38:29,266 [INFO] [utils] [prepare_Nginx]: 

=== Создаем директорию для SSL сертификатов Nginx ===
владелец '/etc/ssl/nginx' оставлен как marat

=== Формируем самоподписанные сертификаты и ключи ===

=== Создаем директорию './SSL' для линков сертификата. ===

=== Создаем ссылку на сертификат SSL: ===
'./SSL/178.204.149.172.self.crt' -> '/etc/ssl/nginx/178.204.149.172.self.crt'

=== Создаем ссылку на ключ SSL: ===
'./SSL/178.204.149.172.self.key' -> '/etc/ssl/nginx/178.204.149.172.self.key'

=== SSL: ===
.+..+++++++++++++++++++++++++++++++++++++++++++++++++++++++++++++++++*...+.+........+++++++++++++++++++++++++++++++++++++++++++++++++++++++++++++++++*...+........+...+....+......+..+......+.+........+..........+...+.....+.............+...............+......+...+.....+......+.........+.......+...+..+.+..+.......+........+.......+...+...+.....+...+...............+......+.+.....+.......+............+...+......+..+...+....+......+............+........+.+...+..+......+...+..........+.........+...+....................+....+...+.....+............+...+.............+...+..+...+.+...+.....+...+...+...............+......+.+............+......+......+.........+............+...+.....+.........+.......+......+..+...+.......+..+......+...+....+......+.........+......+.....+.+......+.....+...+.........+.+++++++++++++++++++++++++++++++++++++++++++++++++++++++++++++++++
..........+...+.+++++++++++++++++++++++++++++++++++++++++++++++++++++++++++++++++*.....+..+......+...+++++++++++++++++++++++++++++++++++++++++++++++++++++++++++++++++*..+....+...........+.+...+..+.........+......+...+..........+......+......+......+..+.+..+....+.........+.....+.+.....+....+..+........................+.........+......+......+....+...+.....+.+..+....+...+.....+..........+..+...+......+............+....+...+...+..+............+.........+......+.............+......+.....+.......+..+......+.+...+...+..............+...+.............+.....+.......+...........+......+...+.+......+.....+......+....+...+.....+...+.......+..+.+..............+....+........................+..+....+.....................+........+.+..+.......+...+............+.....+......+..........+.........+..+...................+..+...+....+..+.+..+.......+...+......+..+......................+.....+.+...........+.+.....+...+++++++++++++++++++++++++++++++++++++++++++++++++++++++++++++++++
-----

2024-09-05 03:38:29,266 [INFO] [utils] [run_com]: 
  === Командная строка (split): ===
['./Scripts/nginx.sh', '178.204.149.172']

2024-09-05 03:38:29,271 [INFO] [utils] [prepare_Nginx]: 
владелец '/etc/nginx/conf.d/manageBots.conf' оставлен как marat
владелец '/etc/nginx/conf.d/bots/bot_6615142110:AAHbuZTgRmqdGibn5MnzRD67CgflJqGJnJQ.conf' оставлен как marat
владелец '/etc/nginx/conf.d/bots/bot_6189775277:AAEdN3J6195JHePhN4wfE-BZTszwFB-MtAQ.conf' оставлен как marat
владелец '/etc/nginx/conf.d/bots/bot_6479059814:AAFAi3Ksbq1cqb3hemkRdyL2RYkCWtCVzi0.conf' оставлен как marat
владелец '/etc/nginx/conf.d/bots' оставлен как marat
владелец '/etc/nginx/conf.d' оставлен как marat

=== Формируем общую конфигурацию '/etc/nginx/conf.d/manageBots.conf' ===

=== Файл конфигурации уже существует!!! ===
=== Изменения НЕ внесены!!! ===
=== Для изменений удалите или переименуйте файл 'manageBots.conf'!!! ===

=== Ошибка: ===

2024-09-05 03:38:29,283 [INFO] [main] [<module>]: === Настройки: ===
2024-09-05 03:38:29,283 [INFO] [main] [<module>]: BASE_WEBHOOK_URL= 'https://178.204.149.172:8443'
2024-09-05 03:38:29,283 [INFO] [main] [<module>]: WEBHOOK_SSL_CERT= '/etc/ssl/nginx/178.204.149.172.self.crt'
2024-09-05 03:38:29,283 [INFO] [main] [<module>]: WEBHOOK_SSL_KEY= '/etc/ssl/nginx/178.204.149.172.self.key'
2024-09-05 03:38:29,283 [INFO] [main] [<listcomp>]: ('DATABASE_URL_SQLITE', 'sqlite+pysqlite:///./DB/mb.sqlite3')
2024-09-05 03:38:29,283 [INFO] [main] [<listcomp>]: ('SELF_SSL', True)
2024-09-05 03:38:29,283 [INFO] [main] [<listcomp>]: ('PUBLIC_IP', '178.204.149.172')
2024-09-05 03:38:29,283 [INFO] [main] [<listcomp>]: ('WEBHOOK_PATH', '/bot/')
2024-09-05 03:38:29,283 [INFO] [main] [<listcomp>]: ('WEBHOOK_SECRET', 'sEcrEet2-24')
2024-09-05 03:38:29,283 [INFO] [main] [<listcomp>]: ('WEB_SERVER_HOST', '127.0.0.1')
2024-09-05 03:38:29,283 [INFO] [main] [<listcomp>]: ('LOG_MANAGE', 'manageBots.log')
2024-09-05 03:38:46,262 [INFO] [utils] [prepare_Nginx]: 

  === Предварительная подготовка Nginx сервера: ===

2024-09-05 03:38:46,262 [INFO] [utils] [run_com]: 
  === Командная строка (split): ===
['./Scripts/ssl.sh', '178.204.149.172']

2024-09-05 03:38:46,444 [INFO] [utils] [prepare_Nginx]: 

=== Создаем директорию для SSL сертификатов Nginx ===
владелец '/etc/ssl/nginx' оставлен как marat

=== Формируем самоподписанные сертификаты и ключи ===

=== Создаем директорию './SSL' для линков сертификата. ===

=== Создаем ссылку на сертификат SSL: ===
'./SSL/178.204.149.172.self.crt' -> '/etc/ssl/nginx/178.204.149.172.self.crt'

=== Создаем ссылку на ключ SSL: ===
'./SSL/178.204.149.172.self.key' -> '/etc/ssl/nginx/178.204.149.172.self.key'

=== SSL: ===
..........+.....+.+.....+...+.+.....+.+..+...+...+.......+........+....+...+...+......+........+.......+++++++++++++++++++++++++++++++++++++++++++++++++++++++++++++++++*..............+....+.....+......+.......+..+.+.....+.......+.....+.......+...........+....+...+.....+...+...+.+...+...+...+.....+++++++++++++++++++++++++++++++++++++++++++++++++++++++++++++++++*.....+...+.+.....+.............+...+..+...+.........+...+......+.+........+.......+......+..+.......+......+..............+...+......+....+..+.+...+.....+.......+.....+..................+.+...+.....+.+.....+.+.........+...........+.+..+.+..+.......+.....+......+....+..+................+.........+...+.....+...+....+........+.+.....+.+.....................+..+...+.........+..........+......+........+..........+......+.....+...+.........................+..+.+..+......+.........+......+...............+......+.+.....+..........+...+......+.....+......+...+.........+.+..............+.+.....+.+.....+.+.....+...............+.......+......+.....+....+..+.+..+.+......+.....+......+++++++++++++++++++++++++++++++++++++++++++++++++++++++++++++++++
....+.......+++++++++++++++++++++++++++++++++++++++++++++++++++++++++++++++++*..+.....+............+.+.....+...+++++++++++++++++++++++++++++++++++++++++++++++++++++++++++++++++*.....+....+.........+.........+..+...+...+.......+..+......+...+.+..............+................+.........+..+....+....................+......+...+.......+.........+...+..................+...+.........+...+..+............+....+..............+.......+...+..................+....................+....+..............+.+.....+.+..+.+..............+......+.+...+..+...+.............+++++++++++++++++++++++++++++++++++++++++++++++++++++++++++++++++
-----

2024-09-05 03:38:46,444 [INFO] [utils] [run_com]: 
  === Командная строка (split): ===
['./Scripts/nginx.sh', '178.204.149.172']

2024-09-05 03:38:46,449 [INFO] [utils] [prepare_Nginx]: 
владелец '/etc/nginx/conf.d/manageBots.conf' оставлен как marat
владелец '/etc/nginx/conf.d/bots/bot_6615142110:AAHbuZTgRmqdGibn5MnzRD67CgflJqGJnJQ.conf' оставлен как marat
владелец '/etc/nginx/conf.d/bots/bot_6189775277:AAEdN3J6195JHePhN4wfE-BZTszwFB-MtAQ.conf' оставлен как marat
владелец '/etc/nginx/conf.d/bots/bot_6479059814:AAFAi3Ksbq1cqb3hemkRdyL2RYkCWtCVzi0.conf' оставлен как marat
владелец '/etc/nginx/conf.d/bots' оставлен как marat
владелец '/etc/nginx/conf.d' оставлен как marat

=== Формируем общую конфигурацию '/etc/nginx/conf.d/manageBots.conf' ===

=== Файл конфигурации уже существует!!! ===
=== Изменения НЕ внесены!!! ===
=== Для изменений удалите или переименуйте файл 'manageBots.conf'!!! ===

=== Ошибка: ===

2024-09-05 03:38:46,460 [INFO] [main] [<module>]: === Настройки: ===
2024-09-05 03:38:46,460 [INFO] [main] [<module>]: BASE_WEBHOOK_URL= 'https://178.204.149.172:8443'
2024-09-05 03:38:46,460 [INFO] [main] [<module>]: WEBHOOK_SSL_CERT= '/etc/ssl/nginx/178.204.149.172.self.crt'
2024-09-05 03:38:46,460 [INFO] [main] [<module>]: WEBHOOK_SSL_KEY= '/etc/ssl/nginx/178.204.149.172.self.key'
2024-09-05 03:38:46,460 [INFO] [main] [<listcomp>]: ('DATABASE_URL_SQLITE', 'sqlite+pysqlite:///./DB/mb.sqlite3')
2024-09-05 03:38:46,460 [INFO] [main] [<listcomp>]: ('SELF_SSL', True)
2024-09-05 03:38:46,460 [INFO] [main] [<listcomp>]: ('PUBLIC_IP', '178.204.149.172')
2024-09-05 03:38:46,460 [INFO] [main] [<listcomp>]: ('WEBHOOK_PATH', '/bot/')
2024-09-05 03:38:46,460 [INFO] [main] [<listcomp>]: ('WEBHOOK_SECRET', 'sEcrEet2-24')
2024-09-05 03:38:46,460 [INFO] [main] [<listcomp>]: ('WEB_SERVER_HOST', '127.0.0.1')
2024-09-05 03:38:46,460 [INFO] [main] [<listcomp>]: ('LOG_MANAGE', 'manageBots.log')
2024-09-05 03:39:37,630 [INFO] [utils] [prepare_Nginx]: 

  === Предварительная подготовка Nginx сервера: ===

2024-09-05 03:39:37,630 [INFO] [utils] [run_com]: 
  === Командная строка (split): ===
['./Scripts/ssl.sh', '178.204.149.172']

2024-09-05 03:39:37,884 [INFO] [utils] [prepare_Nginx]: 

=== Создаем директорию для SSL сертификатов Nginx ===
владелец '/etc/ssl/nginx' оставлен как marat

=== Формируем самоподписанные сертификаты и ключи ===

=== Создаем директорию './SSL' для линков сертификата. ===

=== Создаем ссылку на сертификат SSL: ===
'./SSL/178.204.149.172.self.crt' -> '/etc/ssl/nginx/178.204.149.172.self.crt'

=== Создаем ссылку на ключ SSL: ===
'./SSL/178.204.149.172.self.key' -> '/etc/ssl/nginx/178.204.149.172.self.key'

=== SSL: ===
...+.................+....+........+.+.....+.........+++++++++++++++++++++++++++++++++++++++++++++++++++++++++++++++++*............+......+.......+...+.................+...+...+.+++++++++++++++++++++++++++++++++++++++++++++++++++++++++++++++++*......+...+....+......+..................+.....+......+...+.+......+.....+...+...............+.+..+.........+.+...+.....+..........+..+...+.+...+........+.......+......+.....+............+......................+.....+.+.....+.+...+..+...+......+......+...+......+.........+.......+......+...+..+.......+..+...+.+......+...+..+......+...+....+...+..+............+.+...+...........+...+.+......+........+.......+...+...+...+...........+....+.........+......+.....+....+........+...+.+........................+......+......+.....+.......+......+..+.......+......+......+...+..+...+......+................+...+..+...+.+...........+......+........................+.........+.......+..+.+.........+..+..........+......+.....+....+......+..+.............+..+..........+..+...+............+.+.....+..........+...+.........+..+....+..+...+..........+.....+....+..+.+........+.+......+..+...+...+.......+.....+.......+...........+......+.+.....+......................+...+.....+.............+...........+...+...+.......+.....+...+....+.....+.+...+.....+.......+.....+....+...+.....+...+.......+...+..+......+......+.+........+......+.........+......+.+..+..........+...+........+.......+.....+............+.+.....+............+.......+...+...+......+.....+...+......+....+...........+.....................+....+..............+.............+..+.+.....+.......+...+......+.....+....+......+....................+....+..............+.......+.....+...+...+.......+++++++++++++++++++++++++++++++++++++++++++++++++++++++++++++++++
..+...+..+.......+...+...+++++++++++++++++++++++++++++++++++++++++++++++++++++++++++++++++*........+..+....+..+...+.+........+.+.....+.+.....+++++++++++++++++++++++++++++++++++++++++++++++++++++++++++++++++*..+.........................+............+........+.......+......+.....+.+.........+.........+...+........+..........+.....+......+.+..+......+.+++++++++++++++++++++++++++++++++++++++++++++++++++++++++++++++++
-----

2024-09-05 03:39:37,885 [INFO] [utils] [run_com]: 
  === Командная строка (split): ===
['./Scripts/nginx.sh', '178.204.149.172']

2024-09-05 03:39:37,889 [INFO] [utils] [prepare_Nginx]: 
владелец '/etc/nginx/conf.d/manageBots.conf' оставлен как marat
владелец '/etc/nginx/conf.d/bots/bot_6615142110:AAHbuZTgRmqdGibn5MnzRD67CgflJqGJnJQ.conf' оставлен как marat
владелец '/etc/nginx/conf.d/bots/bot_6189775277:AAEdN3J6195JHePhN4wfE-BZTszwFB-MtAQ.conf' оставлен как marat
владелец '/etc/nginx/conf.d/bots/bot_6479059814:AAFAi3Ksbq1cqb3hemkRdyL2RYkCWtCVzi0.conf' оставлен как marat
владелец '/etc/nginx/conf.d/bots' оставлен как marat
владелец '/etc/nginx/conf.d' оставлен как marat

=== Формируем общую конфигурацию '/etc/nginx/conf.d/manageBots.conf' ===

=== Файл конфигурации уже существует!!! ===
=== Изменения НЕ внесены!!! ===
=== Для изменений удалите или переименуйте файл 'manageBots.conf'!!! ===

=== Ошибка: ===

2024-09-05 03:39:37,901 [INFO] [main] [<module>]: === Настройки: ===
2024-09-05 03:39:37,901 [INFO] [main] [<module>]: BASE_WEBHOOK_URL= 'https://178.204.149.172:8443'
2024-09-05 03:39:37,901 [INFO] [main] [<module>]: WEBHOOK_SSL_CERT= '/etc/ssl/nginx/178.204.149.172.self.crt'
2024-09-05 03:39:37,901 [INFO] [main] [<module>]: WEBHOOK_SSL_KEY= '/etc/ssl/nginx/178.204.149.172.self.key'
2024-09-05 03:39:37,901 [INFO] [main] [<listcomp>]: ('DATABASE_URL_SQLITE', 'sqlite+pysqlite:///./DB/mb.sqlite3')
2024-09-05 03:39:37,901 [INFO] [main] [<listcomp>]: ('SELF_SSL', True)
2024-09-05 03:39:37,901 [INFO] [main] [<listcomp>]: ('PUBLIC_IP', '178.204.149.172')
2024-09-05 03:39:37,901 [INFO] [main] [<listcomp>]: ('WEBHOOK_PATH', '/bot/')
2024-09-05 03:39:37,901 [INFO] [main] [<listcomp>]: ('WEBHOOK_SECRET', 'sEcrEet2-24')
2024-09-05 03:39:37,901 [INFO] [main] [<listcomp>]: ('WEB_SERVER_HOST', '127.0.0.1')
2024-09-05 03:39:37,901 [INFO] [main] [<listcomp>]: ('LOG_MANAGE', 'manageBots.log')
